[2025-11-16T00:05:30.060+0000] {logging_mixin.py:190} INFO - [2025-11-16T00:05:30.059+0000] {process_utils.py:266} INFO - Waiting up to 5 seconds for processes to exit...
[2025-11-16T00:05:30.175+0000] {processor.py:211} ERROR - Got an exception! Propagating...
Traceback (most recent call last):
  File "/usr/local/lib/python3.12/logging/__init__.py", line 1164, in emit
    self.flush()
  File "/usr/local/lib/python3.12/logging/__init__.py", line 1144, in flush
    self.stream.flush()
RuntimeError: reentrant call inside <_io.BufferedWriter name='/opt/airflow/logs/scheduler/2025-11-16/native_dags/example_dags/tutorial_dag.py.log'>

During handling of the above exception, another exception occurred:

Traceback (most recent call last):
  File "/usr/local/lib/python3.12/logging/__init__.py", line 1164, in emit
    self.flush()
  File "/usr/local/lib/python3.12/logging/__init__.py", line 1144, in flush
    self.stream.flush()
RuntimeError: reentrant call inside <_io.BufferedWriter name='/opt/airflow/logs/scheduler/2025-11-16/native_dags/example_dags/tutorial_dag.py.log'>

During handling of the above exception, another exception occurred:

Traceback (most recent call last):
  File "/usr/local/lib/python3.12/logging/__init__.py", line 1164, in emit
    self.flush()
  File "/usr/local/lib/python3.12/logging/__init__.py", line 1144, in flush
    self.stream.flush()
RuntimeError: reentrant call inside <_io.BufferedWriter name='/opt/airflow/logs/scheduler/2025-11-16/native_dags/example_dags/tutorial_dag.py.log'>

During handling of the above exception, another exception occurred:

Traceback (most recent call last):
  File "/usr/local/lib/python3.12/logging/__init__.py", line 1164, in emit
    self.flush()
  File "/usr/local/lib/python3.12/logging/__init__.py", line 1144, in flush
    self.stream.flush()
RuntimeError: reentrant call inside <_io.BufferedWriter name='/opt/airflow/logs/scheduler/2025-11-16/native_dags/example_dags/tutorial_dag.py.log'>

During handling of the above exception, another exception occurred:

Traceback (most recent call last):
  File "/usr/local/lib/python3.12/logging/__init__.py", line 1164, in emit
    self.flush()
  File "/usr/local/lib/python3.12/logging/__init__.py", line 1144, in flush
    self.stream.flush()
RuntimeError: reentrant call inside <_io.BufferedWriter name='/opt/airflow/logs/scheduler/2025-11-16/native_dags/example_dags/tutorial_dag.py.log'>

During handling of the above exception, another exception occurred:

Traceback (most recent call last):
  File "/usr/local/lib/python3.12/logging/__init__.py", line 1164, in emit
    self.flush()
  File "/usr/local/lib/python3.12/logging/__init__.py", line 1144, in flush
    self.stream.flush()
RuntimeError: reentrant call inside <_io.BufferedWriter name='/opt/airflow/logs/scheduler/2025-11-16/native_dags/example_dags/tutorial_dag.py.log'>

During handling of the above exception, another exception occurred:

Traceback (most recent call last):
  File "/usr/local/lib/python3.12/logging/__init__.py", line 1164, in emit
    self.flush()
  File "/usr/local/lib/python3.12/logging/__init__.py", line 1144, in flush
    self.stream.flush()
RuntimeError: reentrant call inside <_io.BufferedWriter name='/opt/airflow/logs/scheduler/2025-11-16/native_dags/example_dags/tutorial_dag.py.log'>

During handling of the above exception, another exception occurred:

Traceback (most recent call last):
  File "/usr/local/lib/python3.12/logging/__init__.py", line 1164, in emit
    self.flush()
  File "/usr/local/lib/python3.12/logging/__init__.py", line 1144, in flush
    self.stream.flush()
RuntimeError: reentrant call inside <_io.BufferedWriter name='/opt/airflow/logs/scheduler/2025-11-16/native_dags/example_dags/tutorial_dag.py.log'>

During handling of the above exception, another exception occurred:

Traceback (most recent call last):
  File "/usr/local/lib/python3.12/logging/__init__.py", line 1164, in emit
    self.flush()
  File "/usr/local/lib/python3.12/logging/__init__.py", line 1144, in flush
    self.stream.flush()
RuntimeError: reentrant call inside <_io.BufferedWriter name='/opt/airflow/logs/scheduler/2025-11-16/native_dags/example_dags/tutorial_dag.py.log'>

During handling of the above exception, another exception occurred:

Traceback (most recent call last):
  File "/usr/local/lib/python3.12/logging/__init__.py", line 1164, in emit
    self.flush()
  File "/usr/local/lib/python3.12/logging/__init__.py", line 1144, in flush
    self.stream.flush()
RuntimeError: reentrant call inside <_io.BufferedWriter name='/opt/airflow/logs/scheduler/2025-11-16/native_dags/example_dags/tutorial_dag.py.log'>

During handling of the above exception, another exception occurred:

Traceback (most recent call last):
  File "/usr/local/lib/python3.12/logging/__init__.py", line 1164, in emit
    self.flush()
  File "/usr/local/lib/python3.12/logging/__init__.py", line 1144, in flush
    self.stream.flush()
RuntimeError: reentrant call inside <_io.BufferedWriter name='/opt/airflow/logs/scheduler/2025-11-16/native_dags/example_dags/tutorial_dag.py.log'>

During handling of the above exception, another exception occurred:

Traceback (most recent call last):
  File "/usr/local/lib/python3.12/logging/__init__.py", line 1164, in emit
    self.flush()
  File "/usr/local/lib/python3.12/logging/__init__.py", line 1144, in flush
    self.stream.flush()
RuntimeError: reentrant call inside <_io.BufferedWriter name='/opt/airflow/logs/scheduler/2025-11-16/native_dags/example_dags/tutorial_dag.py.log'>

During handling of the above exception, another exception occurred:

Traceback (most recent call last):
  File "/usr/local/lib/python3.12/logging/__init__.py", line 1164, in emit
    self.flush()
  File "/usr/local/lib/python3.12/logging/__init__.py", line 1144, in flush
    self.stream.flush()
RuntimeError: reentrant call inside <_io.BufferedWriter name='/opt/airflow/logs/scheduler/2025-11-16/native_dags/example_dags/tutorial_dag.py.log'>

During handling of the above exception, another exception occurred:

Traceback (most recent call last):
  File "/usr/local/lib/python3.12/logging/__init__.py", line 1164, in emit
    self.flush()
  File "/usr/local/lib/python3.12/logging/__init__.py", line 1144, in flush
    self.stream.flush()
RuntimeError: reentrant call inside <_io.BufferedWriter name='/opt/airflow/logs/scheduler/2025-11-16/native_dags/example_dags/tutorial_dag.py.log'>

During handling of the above exception, another exception occurred:

Traceback (most recent call last):
  File "/usr/local/lib/python3.12/logging/__init__.py", line 1164, in emit
    self.flush()
  File "/usr/local/lib/python3.12/logging/__init__.py", line 1144, in flush
    self.stream.flush()
RuntimeError: reentrant call inside <_io.BufferedWriter name='/opt/airflow/logs/scheduler/2025-11-16/native_dags/example_dags/tutorial_dag.py.log'>

During handling of the above exception, another exception occurred:

Traceback (most recent call last):
  File "/usr/local/lib/python3.12/logging/__init__.py", line 1164, in emit
    self.flush()
  File "/usr/local/lib/python3.12/logging/__init__.py", line 1144, in flush
    self.stream.flush()
RuntimeError: reentrant call inside <_io.BufferedWriter name='/opt/airflow/logs/scheduler/2025-11-16/native_dags/example_dags/tutorial_dag.py.log'>

During handling of the above exception, another exception occurred:

Traceback (most recent call last):
  File "/usr/local/lib/python3.12/logging/__init__.py", line 1164, in emit
    self.flush()
  File "/usr/local/lib/python3.12/logging/__init__.py", line 1144, in flush
    self.stream.flush()
RuntimeError: reentrant call inside <_io.BufferedWriter name='/opt/airflow/logs/scheduler/2025-11-16/native_dags/example_dags/tutorial_dag.py.log'>

During handling of the above exception, another exception occurred:

Traceback (most recent call last):
  File "/usr/local/lib/python3.12/logging/__init__.py", line 1164, in emit
    self.flush()
  File "/usr/local/lib/python3.12/logging/__init__.py", line 1144, in flush
    self.stream.flush()
RuntimeError: reentrant call inside <_io.BufferedWriter name='/opt/airflow/logs/scheduler/2025-11-16/native_dags/example_dags/tutorial_dag.py.log'>

During handling of the above exception, another exception occurred:

Traceback (most recent call last):
  File "/usr/local/lib/python3.12/logging/__init__.py", line 1164, in emit
    self.flush()
  File "/usr/local/lib/python3.12/logging/__init__.py", line 1144, in flush
    self.stream.flush()
RuntimeError: reentrant call inside <_io.BufferedWriter name='/opt/airflow/logs/scheduler/2025-11-16/native_dags/example_dags/tutorial_dag.py.log'>

During handling of the above exception, another exception occurred:

Traceback (most recent call last):
  File "/usr/local/lib/python3.12/logging/__init__.py", line 1164, in emit
    self.flush()
  File "/usr/local/lib/python3.12/logging/__init__.py", line 1144, in flush
    self.stream.flush()
RuntimeError: reentrant call inside <_io.BufferedWriter name='/opt/airflow/logs/scheduler/2025-11-16/native_dags/example_dags/tutorial_dag.py.log'>

During handling of the above exception, another exception occurred:

Traceback (most recent call last):
  File "/usr/local/lib/python3.12/logging/__init__.py", line 1164, in emit
    self.flush()
  File "/usr/local/lib/python3.12/logging/__init__.py", line 1144, in flush
    self.stream.flush()
RuntimeError: reentrant call inside <_io.BufferedWriter name='/opt/airflow/logs/scheduler/2025-11-16/native_dags/example_dags/tutorial_dag.py.log'>

During handling of the above exception, another exception occurred:

Traceback (most recent call last):
  File "/usr/local/lib/python3.12/logging/__init__.py", line 1164, in emit
    self.flush()
  File "/usr/local/lib/python3.12/logging/__init__.py", line 1144, in flush
    self.stream.flush()
RuntimeError: reentrant call inside <_io.BufferedWriter name='/opt/airflow/logs/scheduler/2025-11-16/native_dags/example_dags/tutorial_dag.py.log'>

During handling of the above exception, another exception occurred:

Traceback (most recent call last):
  File "/usr/local/lib/python3.12/logging/__init__.py", line 1164, in emit
    self.flush()
  File "/usr/local/lib/python3.12/logging/__init__.py", line 1144, in flush
    self.stream.flush()
RuntimeError: reentrant call inside <_io.BufferedWriter name='/opt/airflow/logs/scheduler/2025-11-16/native_dags/example_dags/tutorial_dag.py.log'>

During handling of the above exception, another exception occurred:

Traceback (most recent call last):
  File "/usr/local/lib/python3.12/logging/__init__.py", line 1164, in emit
    self.flush()
  File "/usr/local/lib/python3.12/logging/__init__.py", line 1144, in flush
    self.stream.flush()
RuntimeError: reentrant call inside <_io.BufferedWriter name='/opt/airflow/logs/scheduler/2025-11-16/native_dags/example_dags/tutorial_dag.py.log'>

During handling of the above exception, another exception occurred:

Traceback (most recent call last):
  File "/usr/local/lib/python3.12/logging/__init__.py", line 1164, in emit
    self.flush()
  File "/usr/local/lib/python3.12/logging/__init__.py", line 1144, in flush
    self.stream.flush()
RuntimeError: reentrant call inside <_io.BufferedWriter name='/opt/airflow/logs/scheduler/2025-11-16/native_dags/example_dags/tutorial_dag.py.log'>

During handling of the above exception, another exception occurred:

Traceback (most recent call last):
  File "/usr/local/lib/python3.12/logging/__init__.py", line 1164, in emit
    self.flush()
  File "/usr/local/lib/python3.12/logging/__init__.py", line 1144, in flush
    self.stream.flush()
RuntimeError: reentrant call inside <_io.BufferedWriter name='/opt/airflow/logs/scheduler/2025-11-16/native_dags/example_dags/tutorial_dag.py.log'>

During handling of the above exception, another exception occurred:

Traceback (most recent call last):
  File "/usr/local/lib/python3.12/logging/__init__.py", line 1164, in emit
    self.flush()
  File "/usr/local/lib/python3.12/logging/__init__.py", line 1144, in flush
    self.stream.flush()
RuntimeError: reentrant call inside <_io.BufferedWriter name='/opt/airflow/logs/scheduler/2025-11-16/native_dags/example_dags/tutorial_dag.py.log'>

During handling of the above exception, another exception occurred:

Traceback (most recent call last):
  File "/usr/local/lib/python3.12/logging/__init__.py", line 1164, in emit
    self.flush()
  File "/usr/local/lib/python3.12/logging/__init__.py", line 1144, in flush
    self.stream.flush()
RuntimeError: reentrant call inside <_io.BufferedWriter name='/opt/airflow/logs/scheduler/2025-11-16/native_dags/example_dags/tutorial_dag.py.log'>

During handling of the above exception, another exception occurred:

Traceback (most recent call last):
  File "/usr/local/lib/python3.12/logging/__init__.py", line 1164, in emit
    self.flush()
  File "/usr/local/lib/python3.12/logging/__init__.py", line 1144, in flush
    self.stream.flush()
RuntimeError: reentrant call inside <_io.BufferedWriter name='/opt/airflow/logs/scheduler/2025-11-16/native_dags/example_dags/tutorial_dag.py.log'>

During handling of the above exception, another exception occurred:

Traceback (most recent call last):
  File "/usr/local/lib/python3.12/logging/__init__.py", line 1164, in emit
    self.flush()
  File "/usr/local/lib/python3.12/logging/__init__.py", line 1144, in flush
    self.stream.flush()
RuntimeError: reentrant call inside <_io.BufferedWriter name='/opt/airflow/logs/scheduler/2025-11-16/native_dags/example_dags/tutorial_dag.py.log'>

During handling of the above exception, another exception occurred:

Traceback (most recent call last):
  File "/usr/local/lib/python3.12/logging/__init__.py", line 1164, in emit
    self.flush()
  File "/usr/local/lib/python3.12/logging/__init__.py", line 1144, in flush
    self.stream.flush()
RuntimeError: reentrant call inside <_io.BufferedWriter name='/opt/airflow/logs/scheduler/2025-11-16/native_dags/example_dags/tutorial_dag.py.log'>

During handling of the above exception, another exception occurred:

Traceback (most recent call last):
  File "/usr/local/lib/python3.12/logging/__init__.py", line 1164, in emit
    self.flush()
  File "/usr/local/lib/python3.12/logging/__init__.py", line 1144, in flush
    self.stream.flush()
RuntimeError: reentrant call inside <_io.BufferedWriter name='/opt/airflow/logs/scheduler/2025-11-16/native_dags/example_dags/tutorial_dag.py.log'>

During handling of the above exception, another exception occurred:

Traceback (most recent call last):
  File "/usr/local/lib/python3.12/logging/__init__.py", line 1164, in emit
    self.flush()
  File "/usr/local/lib/python3.12/logging/__init__.py", line 1144, in flush
    self.stream.flush()
RuntimeError: reentrant call inside <_io.BufferedWriter name='/opt/airflow/logs/scheduler/2025-11-16/native_dags/example_dags/tutorial_dag.py.log'>

During handling of the above exception, another exception occurred:

Traceback (most recent call last):
  File "/usr/local/lib/python3.12/logging/__init__.py", line 1164, in emit
    self.flush()
  File "/usr/local/lib/python3.12/logging/__init__.py", line 1144, in flush
    self.stream.flush()
RuntimeError: reentrant call inside <_io.BufferedWriter name='/opt/airflow/logs/scheduler/2025-11-16/native_dags/example_dags/tutorial_dag.py.log'>

During handling of the above exception, another exception occurred:

Traceback (most recent call last):
  File "/usr/local/lib/python3.12/logging/__init__.py", line 1164, in emit
    self.flush()
  File "/usr/local/lib/python3.12/logging/__init__.py", line 1144, in flush
    self.stream.flush()
RuntimeError: reentrant call inside <_io.BufferedWriter name='/opt/airflow/logs/scheduler/2025-11-16/native_dags/example_dags/tutorial_dag.py.log'>

During handling of the above exception, another exception occurred:

Traceback (most recent call last):
  File "/usr/local/lib/python3.12/logging/__init__.py", line 1164, in emit
    self.flush()
  File "/usr/local/lib/python3.12/logging/__init__.py", line 1144, in flush
    self.stream.flush()
RuntimeError: reentrant call inside <_io.BufferedWriter name='/opt/airflow/logs/scheduler/2025-11-16/native_dags/example_dags/tutorial_dag.py.log'>

During handling of the above exception, another exception occurred:

Traceback (most recent call last):
  File "/usr/local/lib/python3.12/logging/__init__.py", line 1164, in emit
    self.flush()
  File "/usr/local/lib/python3.12/logging/__init__.py", line 1144, in flush
    self.stream.flush()
RuntimeError: reentrant call inside <_io.BufferedWriter name='/opt/airflow/logs/scheduler/2025-11-16/native_dags/example_dags/tutorial_dag.py.log'>

During handling of the above exception, another exception occurred:

Traceback (most recent call last):
  File "/usr/local/lib/python3.12/logging/__init__.py", line 1164, in emit
    self.flush()
  File "/usr/local/lib/python3.12/logging/__init__.py", line 1144, in flush
    self.stream.flush()
RuntimeError: reentrant call inside <_io.BufferedWriter name='/opt/airflow/logs/scheduler/2025-11-16/native_dags/example_dags/tutorial_dag.py.log'>

During handling of the above exception, another exception occurred:

Traceback (most recent call last):
  File "/usr/local/lib/python3.12/logging/__init__.py", line 1164, in emit
    self.flush()
  File "/usr/local/lib/python3.12/logging/__init__.py", line 1144, in flush
    self.stream.flush()
RuntimeError: reentrant call inside <_io.BufferedWriter name='/opt/airflow/logs/scheduler/2025-11-16/native_dags/example_dags/tutorial_dag.py.log'>

During handling of the above exception, another exception occurred:

Traceback (most recent call last):
  File "/usr/local/lib/python3.12/logging/__init__.py", line 1164, in emit
    self.flush()
  File "/usr/local/lib/python3.12/logging/__init__.py", line 1144, in flush
    self.stream.flush()
RuntimeError: reentrant call inside <_io.BufferedWriter name='/opt/airflow/logs/scheduler/2025-11-16/native_dags/example_dags/tutorial_dag.py.log'>

During handling of the above exception, another exception occurred:

Traceback (most recent call last):
  File "/usr/local/lib/python3.12/logging/__init__.py", line 1164, in emit
    self.flush()
  File "/usr/local/lib/python3.12/logging/__init__.py", line 1144, in flush
    self.stream.flush()
RuntimeError: reentrant call inside <_io.BufferedWriter name='/opt/airflow/logs/scheduler/2025-11-16/native_dags/example_dags/tutorial_dag.py.log'>

During handling of the above exception, another exception occurred:

Traceback (most recent call last):
  File "/usr/local/lib/python3.12/logging/__init__.py", line 1164, in emit
    self.flush()
  File "/usr/local/lib/python3.12/logging/__init__.py", line 1144, in flush
    self.stream.flush()
RuntimeError: reentrant call inside <_io.BufferedWriter name='/opt/airflow/logs/scheduler/2025-11-16/native_dags/example_dags/tutorial_dag.py.log'>

During handling of the above exception, another exception occurred:

Traceback (most recent call last):
  File "/usr/local/lib/python3.12/logging/__init__.py", line 1164, in emit
    self.flush()
  File "/usr/local/lib/python3.12/logging/__init__.py", line 1144, in flush
    self.stream.flush()
RuntimeError: reentrant call inside <_io.BufferedWriter name='/opt/airflow/logs/scheduler/2025-11-16/native_dags/example_dags/tutorial_dag.py.log'>

During handling of the above exception, another exception occurred:

Traceback (most recent call last):
  File "/usr/local/lib/python3.12/logging/__init__.py", line 1164, in emit
    self.flush()
  File "/usr/local/lib/python3.12/logging/__init__.py", line 1144, in flush
    self.stream.flush()
RuntimeError: reentrant call inside <_io.BufferedWriter name='/opt/airflow/logs/scheduler/2025-11-16/native_dags/example_dags/tutorial_dag.py.log'>

During handling of the above exception, another exception occurred:

Traceback (most recent call last):
  File "/usr/local/lib/python3.12/logging/__init__.py", line 1164, in emit
    self.flush()
  File "/usr/local/lib/python3.12/logging/__init__.py", line 1144, in flush
    self.stream.flush()
RuntimeError: reentrant call inside <_io.BufferedWriter name='/opt/airflow/logs/scheduler/2025-11-16/native_dags/example_dags/tutorial_dag.py.log'>

During handling of the above exception, another exception occurred:

Traceback (most recent call last):
  File "/usr/local/lib/python3.12/logging/__init__.py", line 1164, in emit
    self.flush()
  File "/usr/local/lib/python3.12/logging/__init__.py", line 1144, in flush
    self.stream.flush()
RuntimeError: reentrant call inside <_io.BufferedWriter name='/opt/airflow/logs/scheduler/2025-11-16/native_dags/example_dags/tutorial_dag.py.log'>

During handling of the above exception, another exception occurred:

Traceback (most recent call last):
  File "/usr/local/lib/python3.12/logging/__init__.py", line 1164, in emit
    self.flush()
  File "/usr/local/lib/python3.12/logging/__init__.py", line 1144, in flush
    self.stream.flush()
RuntimeError: reentrant call inside <_io.BufferedWriter name='/opt/airflow/logs/scheduler/2025-11-16/native_dags/example_dags/tutorial_dag.py.log'>

During handling of the above exception, another exception occurred:

Traceback (most recent call last):
  File "/usr/local/lib/python3.12/logging/__init__.py", line 1164, in emit
    self.flush()
  File "/usr/local/lib/python3.12/logging/__init__.py", line 1144, in flush
    self.stream.flush()
RuntimeError: reentrant call inside <_io.BufferedWriter name='/opt/airflow/logs/scheduler/2025-11-16/native_dags/example_dags/tutorial_dag.py.log'>

During handling of the above exception, another exception occurred:

Traceback (most recent call last):
  File "/usr/local/lib/python3.12/logging/__init__.py", line 1164, in emit
    self.flush()
  File "/usr/local/lib/python3.12/logging/__init__.py", line 1144, in flush
    self.stream.flush()
RuntimeError: reentrant call inside <_io.BufferedWriter name='/opt/airflow/logs/scheduler/2025-11-16/native_dags/example_dags/tutorial_dag.py.log'>

During handling of the above exception, another exception occurred:

Traceback (most recent call last):
  File "/usr/local/lib/python3.12/logging/__init__.py", line 1164, in emit
    self.flush()
  File "/usr/local/lib/python3.12/logging/__init__.py", line 1144, in flush
    self.stream.flush()
RuntimeError: reentrant call inside <_io.BufferedWriter name='/opt/airflow/logs/scheduler/2025-11-16/native_dags/example_dags/tutorial_dag.py.log'>

During handling of the above exception, another exception occurred:

Traceback (most recent call last):
  File "/usr/local/lib/python3.12/logging/__init__.py", line 1164, in emit
    self.flush()
  File "/usr/local/lib/python3.12/logging/__init__.py", line 1144, in flush
    self.stream.flush()
RuntimeError: reentrant call inside <_io.BufferedWriter name='/opt/airflow/logs/scheduler/2025-11-16/native_dags/example_dags/tutorial_dag.py.log'>

During handling of the above exception, another exception occurred:

Traceback (most recent call last):
  File "/usr/local/lib/python3.12/logging/__init__.py", line 1164, in emit
    self.flush()
  File "/usr/local/lib/python3.12/logging/__init__.py", line 1144, in flush
    self.stream.flush()
RuntimeError: reentrant call inside <_io.BufferedWriter name='/opt/airflow/logs/scheduler/2025-11-16/native_dags/example_dags/tutorial_dag.py.log'>

During handling of the above exception, another exception occurred:

Traceback (most recent call last):
  File "/usr/local/lib/python3.12/logging/__init__.py", line 1164, in emit
    self.flush()
  File "/usr/local/lib/python3.12/logging/__init__.py", line 1144, in flush
    self.stream.flush()
RuntimeError: reentrant call inside <_io.BufferedWriter name='/opt/airflow/logs/scheduler/2025-11-16/native_dags/example_dags/tutorial_dag.py.log'>

During handling of the above exception, another exception occurred:

Traceback (most recent call last):
  File "/usr/local/lib/python3.12/logging/__init__.py", line 1164, in emit
    self.flush()
  File "/usr/local/lib/python3.12/logging/__init__.py", line 1144, in flush
    self.stream.flush()
RuntimeError: reentrant call inside <_io.BufferedWriter name='/opt/airflow/logs/scheduler/2025-11-16/native_dags/example_dags/tutorial_dag.py.log'>

During handling of the above exception, another exception occurred:

Traceback (most recent call last):
  File "/usr/local/lib/python3.12/logging/__init__.py", line 1164, in emit
    self.flush()
  File "/usr/local/lib/python3.12/logging/__init__.py", line 1144, in flush
    self.stream.flush()
RuntimeError: reentrant call inside <_io.BufferedWriter name='/opt/airflow/logs/scheduler/2025-11-16/native_dags/example_dags/tutorial_dag.py.log'>

During handling of the above exception, another exception occurred:

Traceback (most recent call last):
  File "/usr/local/lib/python3.12/logging/__init__.py", line 1164, in emit
    self.flush()
  File "/usr/local/lib/python3.12/logging/__init__.py", line 1144, in flush
    self.stream.flush()
RuntimeError: reentrant call inside <_io.BufferedWriter name='/opt/airflow/logs/scheduler/2025-11-16/native_dags/example_dags/tutorial_dag.py.log'>

During handling of the above exception, another exception occurred:

Traceback (most recent call last):
  File "/usr/local/lib/python3.12/logging/__init__.py", line 1164, in emit
    self.flush()
  File "/usr/local/lib/python3.12/logging/__init__.py", line 1144, in flush
    self.stream.flush()
RuntimeError: reentrant call inside <_io.BufferedWriter name='/opt/airflow/logs/scheduler/2025-11-16/native_dags/example_dags/tutorial_dag.py.log'>

During handling of the above exception, another exception occurred:

Traceback (most recent call last):
  File "/usr/local/lib/python3.12/logging/__init__.py", line 1164, in emit
    self.flush()
  File "/usr/local/lib/python3.12/logging/__init__.py", line 1144, in flush
    self.stream.flush()
RuntimeError: reentrant call inside <_io.BufferedWriter name='/opt/airflow/logs/scheduler/2025-11-16/native_dags/example_dags/tutorial_dag.py.log'>

During handling of the above exception, another exception occurred:

Traceback (most recent call last):
  File "/usr/local/lib/python3.12/logging/__init__.py", line 1164, in emit
    self.flush()
  File "/usr/local/lib/python3.12/logging/__init__.py", line 1144, in flush
    self.stream.flush()
RuntimeError: reentrant call inside <_io.BufferedWriter name='/opt/airflow/logs/scheduler/2025-11-16/native_dags/example_dags/tutorial_dag.py.log'>

During handling of the above exception, another exception occurred:

Traceback (most recent call last):
  File "/usr/local/lib/python3.12/logging/__init__.py", line 1164, in emit
    self.flush()
  File "/usr/local/lib/python3.12/logging/__init__.py", line 1144, in flush
    self.stream.flush()
RuntimeError: reentrant call inside <_io.BufferedWriter name='/opt/airflow/logs/scheduler/2025-11-16/native_dags/example_dags/tutorial_dag.py.log'>

During handling of the above exception, another exception occurred:

Traceback (most recent call last):
  File "/usr/local/lib/python3.12/logging/__init__.py", line 1164, in emit
    self.flush()
  File "/usr/local/lib/python3.12/logging/__init__.py", line 1144, in flush
    self.stream.flush()
RuntimeError: reentrant call inside <_io.BufferedWriter name='/opt/airflow/logs/scheduler/2025-11-16/native_dags/example_dags/tutorial_dag.py.log'>

During handling of the above exception, another exception occurred:

Traceback (most recent call last):
  File "/usr/local/lib/python3.12/logging/__init__.py", line 1164, in emit
    self.flush()
  File "/usr/local/lib/python3.12/logging/__init__.py", line 1144, in flush
    self.stream.flush()
RuntimeError: reentrant call inside <_io.BufferedWriter name='/opt/airflow/logs/scheduler/2025-11-16/native_dags/example_dags/tutorial_dag.py.log'>

During handling of the above exception, another exception occurred:

Traceback (most recent call last):
  File "/usr/local/lib/python3.12/logging/__init__.py", line 1164, in emit
    self.flush()
  File "/usr/local/lib/python3.12/logging/__init__.py", line 1144, in flush
    self.stream.flush()
RuntimeError: reentrant call inside <_io.BufferedWriter name='/opt/airflow/logs/scheduler/2025-11-16/native_dags/example_dags/tutorial_dag.py.log'>

During handling of the above exception, another exception occurred:

Traceback (most recent call last):
  File "/usr/local/lib/python3.12/logging/__init__.py", line 1164, in emit
    self.flush()
  File "/usr/local/lib/python3.12/logging/__init__.py", line 1144, in flush
    self.stream.flush()
RuntimeError: reentrant call inside <_io.BufferedWriter name='/opt/airflow/logs/scheduler/2025-11-16/native_dags/example_dags/tutorial_dag.py.log'>

During handling of the above exception, another exception occurred:

Traceback (most recent call last):
  File "/usr/local/lib/python3.12/logging/__init__.py", line 1164, in emit
    self.flush()
  File "/usr/local/lib/python3.12/logging/__init__.py", line 1144, in flush
    self.stream.flush()
RuntimeError: reentrant call inside <_io.BufferedWriter name='/opt/airflow/logs/scheduler/2025-11-16/native_dags/example_dags/tutorial_dag.py.log'>

During handling of the above exception, another exception occurred:

Traceback (most recent call last):
  File "/usr/local/lib/python3.12/logging/__init__.py", line 1164, in emit
    self.flush()
  File "/usr/local/lib/python3.12/logging/__init__.py", line 1144, in flush
    self.stream.flush()
RuntimeError: reentrant call inside <_io.BufferedWriter name='/opt/airflow/logs/scheduler/2025-11-16/native_dags/example_dags/tutorial_dag.py.log'>

During handling of the above exception, another exception occurred:

Traceback (most recent call last):
  File "/usr/local/lib/python3.12/logging/__init__.py", line 1164, in emit
    self.flush()
  File "/usr/local/lib/python3.12/logging/__init__.py", line 1144, in flush
    self.stream.flush()
RuntimeError: reentrant call inside <_io.BufferedWriter name='/opt/airflow/logs/scheduler/2025-11-16/native_dags/example_dags/tutorial_dag.py.log'>

During handling of the above exception, another exception occurred:

Traceback (most recent call last):
  File "/usr/local/lib/python3.12/logging/__init__.py", line 1164, in emit
    self.flush()
  File "/usr/local/lib/python3.12/logging/__init__.py", line 1144, in flush
    self.stream.flush()
RuntimeError: reentrant call inside <_io.BufferedWriter name='/opt/airflow/logs/scheduler/2025-11-16/native_dags/example_dags/tutorial_dag.py.log'>

During handling of the above exception, another exception occurred:

Traceback (most recent call last):
  File "/usr/local/lib/python3.12/logging/__init__.py", line 1164, in emit
    self.flush()
  File "/usr/local/lib/python3.12/logging/__init__.py", line 1144, in flush
    self.stream.flush()
RuntimeError: reentrant call inside <_io.BufferedWriter name='/opt/airflow/logs/scheduler/2025-11-16/native_dags/example_dags/tutorial_dag.py.log'>

During handling of the above exception, another exception occurred:

Traceback (most recent call last):
  File "/usr/local/lib/python3.12/logging/__init__.py", line 1164, in emit
    self.flush()
  File "/usr/local/lib/python3.12/logging/__init__.py", line 1144, in flush
    self.stream.flush()
RuntimeError: reentrant call inside <_io.BufferedWriter name='/opt/airflow/logs/scheduler/2025-11-16/native_dags/example_dags/tutorial_dag.py.log'>

During handling of the above exception, another exception occurred:

Traceback (most recent call last):
  File "/usr/local/lib/python3.12/logging/__init__.py", line 1164, in emit
    self.flush()
  File "/usr/local/lib/python3.12/logging/__init__.py", line 1144, in flush
    self.stream.flush()
RuntimeError: reentrant call inside <_io.BufferedWriter name='/opt/airflow/logs/scheduler/2025-11-16/native_dags/example_dags/tutorial_dag.py.log'>

During handling of the above exception, another exception occurred:

Traceback (most recent call last):
  File "/usr/local/lib/python3.12/logging/__init__.py", line 1164, in emit
    self.flush()
  File "/usr/local/lib/python3.12/logging/__init__.py", line 1144, in flush
    self.stream.flush()
RuntimeError: reentrant call inside <_io.BufferedWriter name='/opt/airflow/logs/scheduler/2025-11-16/native_dags/example_dags/tutorial_dag.py.log'>

During handling of the above exception, another exception occurred:

Traceback (most recent call last):
  File "/usr/local/lib/python3.12/logging/__init__.py", line 1164, in emit
    self.flush()
  File "/usr/local/lib/python3.12/logging/__init__.py", line 1144, in flush
    self.stream.flush()
RuntimeError: reentrant call inside <_io.BufferedWriter name='/opt/airflow/logs/scheduler/2025-11-16/native_dags/example_dags/tutorial_dag.py.log'>

During handling of the above exception, another exception occurred:

Traceback (most recent call last):
  File "/usr/local/lib/python3.12/logging/__init__.py", line 1164, in emit
    self.flush()
  File "/usr/local/lib/python3.12/logging/__init__.py", line 1144, in flush
    self.stream.flush()
RuntimeError: reentrant call inside <_io.BufferedWriter name='/opt/airflow/logs/scheduler/2025-11-16/native_dags/example_dags/tutorial_dag.py.log'>

During handling of the above exception, another exception occurred:

Traceback (most recent call last):
  File "/usr/local/lib/python3.12/logging/__init__.py", line 1164, in emit
    self.flush()
  File "/usr/local/lib/python3.12/logging/__init__.py", line 1144, in flush
    self.stream.flush()
RuntimeError: reentrant call inside <_io.BufferedWriter name='/opt/airflow/logs/scheduler/2025-11-16/native_dags/example_dags/tutorial_dag.py.log'>

During handling of the above exception, another exception occurred:

Traceback (most recent call last):
  File "/usr/local/lib/python3.12/logging/__init__.py", line 1164, in emit
    self.flush()
  File "/usr/local/lib/python3.12/logging/__init__.py", line 1144, in flush
    self.stream.flush()
RuntimeError: reentrant call inside <_io.BufferedWriter name='/opt/airflow/logs/scheduler/2025-11-16/native_dags/example_dags/tutorial_dag.py.log'>

During handling of the above exception, another exception occurred:

Traceback (most recent call last):
  File "/home/airflow/.local/lib/python3.12/site-packages/airflow/dag_processing/processor.py", line 207, in _run_file_processor
    _handle_dag_file_processing()
  File "/home/airflow/.local/lib/python3.12/site-packages/airflow/dag_processing/processor.py", line 179, in _handle_dag_file_processing
    settings.configure_orm()
  File "/home/airflow/.local/lib/python3.12/site-packages/airflow/settings.py", line 476, in configure_orm
    engine_args = prepare_engine_args(disable_connection_pool, pool_class)
                  ^^^^^^^^^^^^^^^^^^^^^^^^^^^^^^^^^^^^^^^^^^^^^^^^^^^^^^^^
  File "/home/airflow/.local/lib/python3.12/site-packages/airflow/settings.py", line 601, in prepare_engine_args
    if is_sqlalchemy_v1():
       ^^^^^^^^^^^^^^^^^^
  File "/home/airflow/.local/lib/python3.12/site-packages/airflow/utils/sqlalchemy.py", line 556, in is_sqlalchemy_v1
    return version.parse(metadata.version("sqlalchemy")).major == 1
                         ^^^^^^^^^^^^^^^^^^^^^^^^^^^^^^
  File "/usr/local/lib/python3.12/importlib/metadata/__init__.py", line 889, in version
    return distribution(distribution_name).version
           ^^^^^^^^^^^^^^^^^^^^^^^^^^^^^^^^^^^^^^^
  File "/usr/local/lib/python3.12/importlib/metadata/__init__.py", line 467, in version
    return self.metadata['Version']
           ^^^^^^^^^^^^^
  File "/usr/local/lib/python3.12/importlib/metadata/__init__.py", line 452, in metadata
    return _adapters.Message(email.message_from_string(text))
                             ^^^^^^^^^^^^^^^^^^^^^^^^^^^^^^^
  File "/usr/local/lib/python3.12/email/__init__.py", line 37, in message_from_string
    return Parser(*args, **kws).parsestr(s)
           ^^^^^^^^^^^^^^^^^^^^^^^^^^^^^^^^
  File "/usr/local/lib/python3.12/email/parser.py", line 64, in parsestr
    return self.parse(StringIO(text), headersonly=headersonly)
                      ^^^^^^^^^^^^^^
  File "/home/airflow/.local/lib/python3.12/site-packages/airflow/dag_processing/manager.py", line 468, in _exit_gracefully
    self.end()
  File "/home/airflow/.local/lib/python3.12/site-packages/airflow/dag_processing/manager.py", line 1435, in end
    kill_child_processes_by_pids(pids_to_kill)
  File "/home/airflow/.local/lib/python3.12/site-packages/airflow/utils/process_utils.py", line 266, in kill_child_processes_by_pids
    log.info("Waiting up to %s seconds for processes to exit...", timeout)
  File "/usr/local/lib/python3.12/logging/__init__.py", line 1539, in info
    self._log(INFO, msg, args, **kwargs)
  File "/usr/local/lib/python3.12/logging/__init__.py", line 1684, in _log
    self.handle(record)
  File "/usr/local/lib/python3.12/logging/__init__.py", line 1700, in handle
    self.callHandlers(record)
  File "/usr/local/lib/python3.12/logging/__init__.py", line 1762, in callHandlers
    hdlr.handle(record)
  File "/usr/local/lib/python3.12/logging/__init__.py", line 1028, in handle
    self.emit(record)
  File "/usr/local/lib/python3.12/logging/__init__.py", line 1163, in emit
    stream.write(msg + self.terminator)
  File "/home/airflow/.local/lib/python3.12/site-packages/airflow/utils/log/logging_mixin.py", line 202, in write
    self.flush()
  File "/home/airflow/.local/lib/python3.12/site-packages/airflow/utils/log/logging_mixin.py", line 209, in flush
    self._propagate_log(buf)
  File "/home/airflow/.local/lib/python3.12/site-packages/airflow/utils/log/logging_mixin.py", line 190, in _propagate_log
    self.logger.log(self.level, remove_escape_codes(message))
  File "/usr/local/lib/python3.12/logging/__init__.py", line 1609, in log
    self._log(level, msg, args, **kwargs)
  File "/usr/local/lib/python3.12/logging/__init__.py", line 1684, in _log
    self.handle(record)
  File "/usr/local/lib/python3.12/logging/__init__.py", line 1700, in handle
    self.callHandlers(record)
  File "/usr/local/lib/python3.12/logging/__init__.py", line 1762, in callHandlers
    hdlr.handle(record)
  File "/usr/local/lib/python3.12/logging/__init__.py", line 1028, in handle
    self.emit(record)
  File "/home/airflow/.local/lib/python3.12/site-packages/airflow/utils/log/file_processor_handler.py", line 76, in emit
    self.handler.emit(record)
  File "/usr/local/lib/python3.12/logging/__init__.py", line 1280, in emit
    StreamHandler.emit(self, record)
  File "/usr/local/lib/python3.12/logging/__init__.py", line 1164, in emit
    self.flush()
  File "/usr/local/lib/python3.12/logging/__init__.py", line 1144, in flush
    self.stream.flush()
  File "/home/airflow/.local/lib/python3.12/site-packages/airflow/dag_processing/manager.py", line 468, in _exit_gracefully
    self.end()
  File "/home/airflow/.local/lib/python3.12/site-packages/airflow/dag_processing/manager.py", line 1435, in end
    kill_child_processes_by_pids(pids_to_kill)
  File "/home/airflow/.local/lib/python3.12/site-packages/airflow/utils/process_utils.py", line 266, in kill_child_processes_by_pids
    log.info("Waiting up to %s seconds for processes to exit...", timeout)
  File "/usr/local/lib/python3.12/logging/__init__.py", line 1539, in info
    self._log(INFO, msg, args, **kwargs)
  File "/usr/local/lib/python3.12/logging/__init__.py", line 1684, in _log
    self.handle(record)
  File "/usr/local/lib/python3.12/logging/__init__.py", line 1700, in handle
    self.callHandlers(record)
  File "/usr/local/lib/python3.12/logging/__init__.py", line 1762, in callHandlers
    hdlr.handle(record)
  File "/usr/local/lib/python3.12/logging/__init__.py", line 1028, in handle
    self.emit(record)
  File "/usr/local/lib/python3.12/logging/__init__.py", line 1163, in emit
    stream.write(msg + self.terminator)
  File "/home/airflow/.local/lib/python3.12/site-packages/airflow/utils/log/logging_mixin.py", line 202, in write
    self.flush()
  File "/home/airflow/.local/lib/python3.12/site-packages/airflow/utils/log/logging_mixin.py", line 209, in flush
    self._propagate_log(buf)
  File "/home/airflow/.local/lib/python3.12/site-packages/airflow/utils/log/logging_mixin.py", line 190, in _propagate_log
    self.logger.log(self.level, remove_escape_codes(message))
  File "/usr/local/lib/python3.12/logging/__init__.py", line 1609, in log
    self._log(level, msg, args, **kwargs)
  File "/usr/local/lib/python3.12/logging/__init__.py", line 1684, in _log
    self.handle(record)
  File "/usr/local/lib/python3.12/logging/__init__.py", line 1700, in handle
    self.callHandlers(record)
  File "/usr/local/lib/python3.12/logging/__init__.py", line 1762, in callHandlers
    hdlr.handle(record)
  File "/usr/local/lib/python3.12/logging/__init__.py", line 1028, in handle
    self.emit(record)
  File "/home/airflow/.local/lib/python3.12/site-packages/airflow/utils/log/file_processor_handler.py", line 76, in emit
    self.handler.emit(record)
  File "/usr/local/lib/python3.12/logging/__init__.py", line 1280, in emit
    StreamHandler.emit(self, record)
  File "/usr/local/lib/python3.12/logging/__init__.py", line 1168, in emit
    self.handleError(record)
  File "/usr/local/lib/python3.12/logging/__init__.py", line 1081, in handleError
    sys.stderr.write('--- Logging error ---\n')
  File "/home/airflow/.local/lib/python3.12/site-packages/airflow/utils/log/logging_mixin.py", line 202, in write
    self.flush()
  File "/home/airflow/.local/lib/python3.12/site-packages/airflow/utils/log/logging_mixin.py", line 209, in flush
    self._propagate_log(buf)
  File "/home/airflow/.local/lib/python3.12/site-packages/airflow/utils/log/logging_mixin.py", line 190, in _propagate_log
    self.logger.log(self.level, remove_escape_codes(message))
  File "/usr/local/lib/python3.12/logging/__init__.py", line 1609, in log
    self._log(level, msg, args, **kwargs)
  File "/usr/local/lib/python3.12/logging/__init__.py", line 1684, in _log
    self.handle(record)
  File "/usr/local/lib/python3.12/logging/__init__.py", line 1700, in handle
    self.callHandlers(record)
  File "/usr/local/lib/python3.12/logging/__init__.py", line 1762, in callHandlers
    hdlr.handle(record)
  File "/usr/local/lib/python3.12/logging/__init__.py", line 1028, in handle
    self.emit(record)
  File "/home/airflow/.local/lib/python3.12/site-packages/airflow/utils/log/file_processor_handler.py", line 76, in emit
    self.handler.emit(record)
  File "/usr/local/lib/python3.12/logging/__init__.py", line 1280, in emit
    StreamHandler.emit(self, record)
  File "/usr/local/lib/python3.12/logging/__init__.py", line 1168, in emit
    self.handleError(record)
  File "/usr/local/lib/python3.12/logging/__init__.py", line 1081, in handleError
    sys.stderr.write('--- Logging error ---\n')
  File "/home/airflow/.local/lib/python3.12/site-packages/airflow/utils/log/logging_mixin.py", line 202, in write
    self.flush()
  File "/home/airflow/.local/lib/python3.12/site-packages/airflow/utils/log/logging_mixin.py", line 209, in flush
    self._propagate_log(buf)
  File "/home/airflow/.local/lib/python3.12/site-packages/airflow/utils/log/logging_mixin.py", line 190, in _propagate_log
    self.logger.log(self.level, remove_escape_codes(message))
  File "/usr/local/lib/python3.12/logging/__init__.py", line 1609, in log
    self._log(level, msg, args, **kwargs)
  File "/usr/local/lib/python3.12/logging/__init__.py", line 1684, in _log
    self.handle(record)
  File "/usr/local/lib/python3.12/logging/__init__.py", line 1700, in handle
    self.callHandlers(record)
  File "/usr/local/lib/python3.12/logging/__init__.py", line 1762, in callHandlers
    hdlr.handle(record)
  File "/usr/local/lib/python3.12/logging/__init__.py", line 1028, in handle
    self.emit(record)
  File "/home/airflow/.local/lib/python3.12/site-packages/airflow/utils/log/file_processor_handler.py", line 76, in emit
    self.handler.emit(record)
  File "/usr/local/lib/python3.12/logging/__init__.py", line 1280, in emit
    StreamHandler.emit(self, record)
  File "/usr/local/lib/python3.12/logging/__init__.py", line 1168, in emit
    self.handleError(record)
  File "/usr/local/lib/python3.12/logging/__init__.py", line 1081, in handleError
    sys.stderr.write('--- Logging error ---\n')
  File "/home/airflow/.local/lib/python3.12/site-packages/airflow/utils/log/logging_mixin.py", line 202, in write
    self.flush()
  File "/home/airflow/.local/lib/python3.12/site-packages/airflow/utils/log/logging_mixin.py", line 209, in flush
    self._propagate_log(buf)
  File "/home/airflow/.local/lib/python3.12/site-packages/airflow/utils/log/logging_mixin.py", line 190, in _propagate_log
    self.logger.log(self.level, remove_escape_codes(message))
  File "/usr/local/lib/python3.12/logging/__init__.py", line 1609, in log
    self._log(level, msg, args, **kwargs)
  File "/usr/local/lib/python3.12/logging/__init__.py", line 1684, in _log
    self.handle(record)
  File "/usr/local/lib/python3.12/logging/__init__.py", line 1700, in handle
    self.callHandlers(record)
  File "/usr/local/lib/python3.12/logging/__init__.py", line 1762, in callHandlers
    hdlr.handle(record)
  File "/usr/local/lib/python3.12/logging/__init__.py", line 1028, in handle
    self.emit(record)
  File "/home/airflow/.local/lib/python3.12/site-packages/airflow/utils/log/file_processor_handler.py", line 76, in emit
    self.handler.emit(record)
  File "/usr/local/lib/python3.12/logging/__init__.py", line 1280, in emit
    StreamHandler.emit(self, record)
  File "/usr/local/lib/python3.12/logging/__init__.py", line 1168, in emit
    self.handleError(record)
  File "/usr/local/lib/python3.12/logging/__init__.py", line 1081, in handleError
    sys.stderr.write('--- Logging error ---\n')
  File "/home/airflow/.local/lib/python3.12/site-packages/airflow/utils/log/logging_mixin.py", line 202, in write
    self.flush()
  File "/home/airflow/.local/lib/python3.12/site-packages/airflow/utils/log/logging_mixin.py", line 209, in flush
    self._propagate_log(buf)
  File "/home/airflow/.local/lib/python3.12/site-packages/airflow/utils/log/logging_mixin.py", line 190, in _propagate_log
    self.logger.log(self.level, remove_escape_codes(message))
  File "/usr/local/lib/python3.12/logging/__init__.py", line 1609, in log
    self._log(level, msg, args, **kwargs)
  File "/usr/local/lib/python3.12/logging/__init__.py", line 1684, in _log
    self.handle(record)
  File "/usr/local/lib/python3.12/logging/__init__.py", line 1700, in handle
    self.callHandlers(record)
  File "/usr/local/lib/python3.12/logging/__init__.py", line 1762, in callHandlers
    hdlr.handle(record)
  File "/usr/local/lib/python3.12/logging/__init__.py", line 1028, in handle
    self.emit(record)
  File "/home/airflow/.local/lib/python3.12/site-packages/airflow/utils/log/file_processor_handler.py", line 76, in emit
    self.handler.emit(record)
  File "/usr/local/lib/python3.12/logging/__init__.py", line 1280, in emit
    StreamHandler.emit(self, record)
  File "/usr/local/lib/python3.12/logging/__init__.py", line 1168, in emit
    self.handleError(record)
  File "/usr/local/lib/python3.12/logging/__init__.py", line 1081, in handleError
    sys.stderr.write('--- Logging error ---\n')
  File "/home/airflow/.local/lib/python3.12/site-packages/airflow/utils/log/logging_mixin.py", line 202, in write
    self.flush()
  File "/home/airflow/.local/lib/python3.12/site-packages/airflow/utils/log/logging_mixin.py", line 209, in flush
    self._propagate_log(buf)
  File "/home/airflow/.local/lib/python3.12/site-packages/airflow/utils/log/logging_mixin.py", line 190, in _propagate_log
    self.logger.log(self.level, remove_escape_codes(message))
  File "/usr/local/lib/python3.12/logging/__init__.py", line 1609, in log
    self._log(level, msg, args, **kwargs)
  File "/usr/local/lib/python3.12/logging/__init__.py", line 1684, in _log
    self.handle(record)
  File "/usr/local/lib/python3.12/logging/__init__.py", line 1700, in handle
    self.callHandlers(record)
  File "/usr/local/lib/python3.12/logging/__init__.py", line 1762, in callHandlers
    hdlr.handle(record)
  File "/usr/local/lib/python3.12/logging/__init__.py", line 1028, in handle
    self.emit(record)
  File "/home/airflow/.local/lib/python3.12/site-packages/airflow/utils/log/file_processor_handler.py", line 76, in emit
    self.handler.emit(record)
  File "/usr/local/lib/python3.12/logging/__init__.py", line 1280, in emit
    StreamHandler.emit(self, record)
  File "/usr/local/lib/python3.12/logging/__init__.py", line 1168, in emit
    self.handleError(record)
  File "/usr/local/lib/python3.12/logging/__init__.py", line 1081, in handleError
    sys.stderr.write('--- Logging error ---\n')
  File "/home/airflow/.local/lib/python3.12/site-packages/airflow/utils/log/logging_mixin.py", line 202, in write
    self.flush()
  File "/home/airflow/.local/lib/python3.12/site-packages/airflow/utils/log/logging_mixin.py", line 209, in flush
    self._propagate_log(buf)
  File "/home/airflow/.local/lib/python3.12/site-packages/airflow/utils/log/logging_mixin.py", line 190, in _propagate_log
    self.logger.log(self.level, remove_escape_codes(message))
  File "/usr/local/lib/python3.12/logging/__init__.py", line 1609, in log
    self._log(level, msg, args, **kwargs)
  File "/usr/local/lib/python3.12/logging/__init__.py", line 1684, in _log
    self.handle(record)
  File "/usr/local/lib/python3.12/logging/__init__.py", line 1700, in handle
    self.callHandlers(record)
  File "/usr/local/lib/python3.12/logging/__init__.py", line 1762, in callHandlers
    hdlr.handle(record)
  File "/usr/local/lib/python3.12/logging/__init__.py", line 1028, in handle
    self.emit(record)
  File "/home/airflow/.local/lib/python3.12/site-packages/airflow/utils/log/file_processor_handler.py", line 76, in emit
    self.handler.emit(record)
  File "/usr/local/lib/python3.12/logging/__init__.py", line 1280, in emit
    StreamHandler.emit(self, record)
  File "/usr/local/lib/python3.12/logging/__init__.py", line 1168, in emit
    self.handleError(record)
  File "/usr/local/lib/python3.12/logging/__init__.py", line 1081, in handleError
    sys.stderr.write('--- Logging error ---\n')
  File "/home/airflow/.local/lib/python3.12/site-packages/airflow/utils/log/logging_mixin.py", line 202, in write
    self.flush()
  File "/home/airflow/.local/lib/python3.12/site-packages/airflow/utils/log/logging_mixin.py", line 209, in flush
    self._propagate_log(buf)
  File "/home/airflow/.local/lib/python3.12/site-packages/airflow/utils/log/logging_mixin.py", line 190, in _propagate_log
    self.logger.log(self.level, remove_escape_codes(message))
  File "/usr/local/lib/python3.12/logging/__init__.py", line 1609, in log
    self._log(level, msg, args, **kwargs)
  File "/usr/local/lib/python3.12/logging/__init__.py", line 1684, in _log
    self.handle(record)
  File "/usr/local/lib/python3.12/logging/__init__.py", line 1700, in handle
    self.callHandlers(record)
  File "/usr/local/lib/python3.12/logging/__init__.py", line 1762, in callHandlers
    hdlr.handle(record)
  File "/usr/local/lib/python3.12/logging/__init__.py", line 1028, in handle
    self.emit(record)
  File "/home/airflow/.local/lib/python3.12/site-packages/airflow/utils/log/file_processor_handler.py", line 76, in emit
    self.handler.emit(record)
  File "/usr/local/lib/python3.12/logging/__init__.py", line 1280, in emit
    StreamHandler.emit(self, record)
  File "/usr/local/lib/python3.12/logging/__init__.py", line 1168, in emit
    self.handleError(record)
  File "/usr/local/lib/python3.12/logging/__init__.py", line 1081, in handleError
    sys.stderr.write('--- Logging error ---\n')
  File "/home/airflow/.local/lib/python3.12/site-packages/airflow/utils/log/logging_mixin.py", line 202, in write
    self.flush()
  File "/home/airflow/.local/lib/python3.12/site-packages/airflow/utils/log/logging_mixin.py", line 209, in flush
    self._propagate_log(buf)
  File "/home/airflow/.local/lib/python3.12/site-packages/airflow/utils/log/logging_mixin.py", line 190, in _propagate_log
    self.logger.log(self.level, remove_escape_codes(message))
  File "/usr/local/lib/python3.12/logging/__init__.py", line 1609, in log
    self._log(level, msg, args, **kwargs)
  File "/usr/local/lib/python3.12/logging/__init__.py", line 1684, in _log
    self.handle(record)
  File "/usr/local/lib/python3.12/logging/__init__.py", line 1700, in handle
    self.callHandlers(record)
  File "/usr/local/lib/python3.12/logging/__init__.py", line 1762, in callHandlers
    hdlr.handle(record)
  File "/usr/local/lib/python3.12/logging/__init__.py", line 1028, in handle
    self.emit(record)
  File "/home/airflow/.local/lib/python3.12/site-packages/airflow/utils/log/file_processor_handler.py", line 76, in emit
    self.handler.emit(record)
  File "/usr/local/lib/python3.12/logging/__init__.py", line 1280, in emit
    StreamHandler.emit(self, record)
  File "/usr/local/lib/python3.12/logging/__init__.py", line 1168, in emit
    self.handleError(record)
  File "/usr/local/lib/python3.12/logging/__init__.py", line 1081, in handleError
    sys.stderr.write('--- Logging error ---\n')
  File "/home/airflow/.local/lib/python3.12/site-packages/airflow/utils/log/logging_mixin.py", line 202, in write
    self.flush()
  File "/home/airflow/.local/lib/python3.12/site-packages/airflow/utils/log/logging_mixin.py", line 209, in flush
    self._propagate_log(buf)
  File "/home/airflow/.local/lib/python3.12/site-packages/airflow/utils/log/logging_mixin.py", line 190, in _propagate_log
    self.logger.log(self.level, remove_escape_codes(message))
  File "/usr/local/lib/python3.12/logging/__init__.py", line 1609, in log
    self._log(level, msg, args, **kwargs)
  File "/usr/local/lib/python3.12/logging/__init__.py", line 1684, in _log
    self.handle(record)
  File "/usr/local/lib/python3.12/logging/__init__.py", line 1700, in handle
    self.callHandlers(record)
  File "/usr/local/lib/python3.12/logging/__init__.py", line 1762, in callHandlers
    hdlr.handle(record)
  File "/usr/local/lib/python3.12/logging/__init__.py", line 1028, in handle
    self.emit(record)
  File "/home/airflow/.local/lib/python3.12/site-packages/airflow/utils/log/file_processor_handler.py", line 76, in emit
    self.handler.emit(record)
  File "/usr/local/lib/python3.12/logging/__init__.py", line 1280, in emit
    StreamHandler.emit(self, record)
  File "/usr/local/lib/python3.12/logging/__init__.py", line 1168, in emit
    self.handleError(record)
  File "/usr/local/lib/python3.12/logging/__init__.py", line 1081, in handleError
    sys.stderr.write('--- Logging error ---\n')
  File "/home/airflow/.local/lib/python3.12/site-packages/airflow/utils/log/logging_mixin.py", line 202, in write
    self.flush()
  File "/home/airflow/.local/lib/python3.12/site-packages/airflow/utils/log/logging_mixin.py", line 209, in flush
    self._propagate_log(buf)
  File "/home/airflow/.local/lib/python3.12/site-packages/airflow/utils/log/logging_mixin.py", line 190, in _propagate_log
    self.logger.log(self.level, remove_escape_codes(message))
  File "/usr/local/lib/python3.12/logging/__init__.py", line 1609, in log
    self._log(level, msg, args, **kwargs)
  File "/usr/local/lib/python3.12/logging/__init__.py", line 1684, in _log
    self.handle(record)
  File "/usr/local/lib/python3.12/logging/__init__.py", line 1700, in handle
    self.callHandlers(record)
  File "/usr/local/lib/python3.12/logging/__init__.py", line 1762, in callHandlers
    hdlr.handle(record)
  File "/usr/local/lib/python3.12/logging/__init__.py", line 1028, in handle
    self.emit(record)
  File "/home/airflow/.local/lib/python3.12/site-packages/airflow/utils/log/file_processor_handler.py", line 76, in emit
    self.handler.emit(record)
  File "/usr/local/lib/python3.12/logging/__init__.py", line 1280, in emit
    StreamHandler.emit(self, record)
  File "/usr/local/lib/python3.12/logging/__init__.py", line 1168, in emit
    self.handleError(record)
  File "/usr/local/lib/python3.12/logging/__init__.py", line 1081, in handleError
    sys.stderr.write('--- Logging error ---\n')
  File "/home/airflow/.local/lib/python3.12/site-packages/airflow/utils/log/logging_mixin.py", line 202, in write
    self.flush()
  File "/home/airflow/.local/lib/python3.12/site-packages/airflow/utils/log/logging_mixin.py", line 209, in flush
    self._propagate_log(buf)
  File "/home/airflow/.local/lib/python3.12/site-packages/airflow/utils/log/logging_mixin.py", line 190, in _propagate_log
    self.logger.log(self.level, remove_escape_codes(message))
  File "/usr/local/lib/python3.12/logging/__init__.py", line 1609, in log
    self._log(level, msg, args, **kwargs)
  File "/usr/local/lib/python3.12/logging/__init__.py", line 1684, in _log
    self.handle(record)
  File "/usr/local/lib/python3.12/logging/__init__.py", line 1700, in handle
    self.callHandlers(record)
  File "/usr/local/lib/python3.12/logging/__init__.py", line 1762, in callHandlers
    hdlr.handle(record)
  File "/usr/local/lib/python3.12/logging/__init__.py", line 1028, in handle
    self.emit(record)
  File "/home/airflow/.local/lib/python3.12/site-packages/airflow/utils/log/file_processor_handler.py", line 76, in emit
    self.handler.emit(record)
  File "/usr/local/lib/python3.12/logging/__init__.py", line 1280, in emit
    StreamHandler.emit(self, record)
  File "/usr/local/lib/python3.12/logging/__init__.py", line 1168, in emit
    self.handleError(record)
  File "/usr/local/lib/python3.12/logging/__init__.py", line 1081, in handleError
    sys.stderr.write('--- Logging error ---\n')
  File "/home/airflow/.local/lib/python3.12/site-packages/airflow/utils/log/logging_mixin.py", line 202, in write
    self.flush()
  File "/home/airflow/.local/lib/python3.12/site-packages/airflow/utils/log/logging_mixin.py", line 209, in flush
    self._propagate_log(buf)
  File "/home/airflow/.local/lib/python3.12/site-packages/airflow/utils/log/logging_mixin.py", line 190, in _propagate_log
    self.logger.log(self.level, remove_escape_codes(message))
  File "/usr/local/lib/python3.12/logging/__init__.py", line 1609, in log
    self._log(level, msg, args, **kwargs)
  File "/usr/local/lib/python3.12/logging/__init__.py", line 1684, in _log
    self.handle(record)
  File "/usr/local/lib/python3.12/logging/__init__.py", line 1700, in handle
    self.callHandlers(record)
  File "/usr/local/lib/python3.12/logging/__init__.py", line 1762, in callHandlers
    hdlr.handle(record)
  File "/usr/local/lib/python3.12/logging/__init__.py", line 1028, in handle
    self.emit(record)
  File "/home/airflow/.local/lib/python3.12/site-packages/airflow/utils/log/file_processor_handler.py", line 76, in emit
    self.handler.emit(record)
  File "/usr/local/lib/python3.12/logging/__init__.py", line 1280, in emit
    StreamHandler.emit(self, record)
  File "/usr/local/lib/python3.12/logging/__init__.py", line 1168, in emit
    self.handleError(record)
  File "/usr/local/lib/python3.12/logging/__init__.py", line 1081, in handleError
    sys.stderr.write('--- Logging error ---\n')
  File "/home/airflow/.local/lib/python3.12/site-packages/airflow/utils/log/logging_mixin.py", line 202, in write
    self.flush()
  File "/home/airflow/.local/lib/python3.12/site-packages/airflow/utils/log/logging_mixin.py", line 209, in flush
    self._propagate_log(buf)
  File "/home/airflow/.local/lib/python3.12/site-packages/airflow/utils/log/logging_mixin.py", line 190, in _propagate_log
    self.logger.log(self.level, remove_escape_codes(message))
  File "/usr/local/lib/python3.12/logging/__init__.py", line 1609, in log
    self._log(level, msg, args, **kwargs)
  File "/usr/local/lib/python3.12/logging/__init__.py", line 1684, in _log
    self.handle(record)
  File "/usr/local/lib/python3.12/logging/__init__.py", line 1700, in handle
    self.callHandlers(record)
  File "/usr/local/lib/python3.12/logging/__init__.py", line 1762, in callHandlers
    hdlr.handle(record)
  File "/usr/local/lib/python3.12/logging/__init__.py", line 1028, in handle
    self.emit(record)
  File "/home/airflow/.local/lib/python3.12/site-packages/airflow/utils/log/file_processor_handler.py", line 76, in emit
    self.handler.emit(record)
  File "/usr/local/lib/python3.12/logging/__init__.py", line 1280, in emit
    StreamHandler.emit(self, record)
  File "/usr/local/lib/python3.12/logging/__init__.py", line 1168, in emit
    self.handleError(record)
  File "/usr/local/lib/python3.12/logging/__init__.py", line 1081, in handleError
    sys.stderr.write('--- Logging error ---\n')
  File "/home/airflow/.local/lib/python3.12/site-packages/airflow/utils/log/logging_mixin.py", line 202, in write
    self.flush()
  File "/home/airflow/.local/lib/python3.12/site-packages/airflow/utils/log/logging_mixin.py", line 209, in flush
    self._propagate_log(buf)
  File "/home/airflow/.local/lib/python3.12/site-packages/airflow/utils/log/logging_mixin.py", line 190, in _propagate_log
    self.logger.log(self.level, remove_escape_codes(message))
  File "/usr/local/lib/python3.12/logging/__init__.py", line 1609, in log
    self._log(level, msg, args, **kwargs)
  File "/usr/local/lib/python3.12/logging/__init__.py", line 1684, in _log
    self.handle(record)
  File "/usr/local/lib/python3.12/logging/__init__.py", line 1700, in handle
    self.callHandlers(record)
  File "/usr/local/lib/python3.12/logging/__init__.py", line 1762, in callHandlers
    hdlr.handle(record)
  File "/usr/local/lib/python3.12/logging/__init__.py", line 1028, in handle
    self.emit(record)
  File "/home/airflow/.local/lib/python3.12/site-packages/airflow/utils/log/file_processor_handler.py", line 76, in emit
    self.handler.emit(record)
  File "/usr/local/lib/python3.12/logging/__init__.py", line 1280, in emit
    StreamHandler.emit(self, record)
  File "/usr/local/lib/python3.12/logging/__init__.py", line 1168, in emit
    self.handleError(record)
  File "/usr/local/lib/python3.12/logging/__init__.py", line 1081, in handleError
    sys.stderr.write('--- Logging error ---\n')
  File "/home/airflow/.local/lib/python3.12/site-packages/airflow/utils/log/logging_mixin.py", line 202, in write
    self.flush()
  File "/home/airflow/.local/lib/python3.12/site-packages/airflow/utils/log/logging_mixin.py", line 209, in flush
    self._propagate_log(buf)
  File "/home/airflow/.local/lib/python3.12/site-packages/airflow/utils/log/logging_mixin.py", line 190, in _propagate_log
    self.logger.log(self.level, remove_escape_codes(message))
  File "/usr/local/lib/python3.12/logging/__init__.py", line 1609, in log
    self._log(level, msg, args, **kwargs)
  File "/usr/local/lib/python3.12/logging/__init__.py", line 1684, in _log
    self.handle(record)
  File "/usr/local/lib/python3.12/logging/__init__.py", line 1700, in handle
    self.callHandlers(record)
  File "/usr/local/lib/python3.12/logging/__init__.py", line 1762, in callHandlers
    hdlr.handle(record)
  File "/usr/local/lib/python3.12/logging/__init__.py", line 1028, in handle
    self.emit(record)
  File "/home/airflow/.local/lib/python3.12/site-packages/airflow/utils/log/file_processor_handler.py", line 76, in emit
    self.handler.emit(record)
  File "/usr/local/lib/python3.12/logging/__init__.py", line 1280, in emit
    StreamHandler.emit(self, record)
  File "/usr/local/lib/python3.12/logging/__init__.py", line 1168, in emit
    self.handleError(record)
  File "/usr/local/lib/python3.12/logging/__init__.py", line 1081, in handleError
    sys.stderr.write('--- Logging error ---\n')
  File "/home/airflow/.local/lib/python3.12/site-packages/airflow/utils/log/logging_mixin.py", line 202, in write
    self.flush()
  File "/home/airflow/.local/lib/python3.12/site-packages/airflow/utils/log/logging_mixin.py", line 209, in flush
    self._propagate_log(buf)
  File "/home/airflow/.local/lib/python3.12/site-packages/airflow/utils/log/logging_mixin.py", line 190, in _propagate_log
    self.logger.log(self.level, remove_escape_codes(message))
  File "/usr/local/lib/python3.12/logging/__init__.py", line 1609, in log
    self._log(level, msg, args, **kwargs)
  File "/usr/local/lib/python3.12/logging/__init__.py", line 1684, in _log
    self.handle(record)
  File "/usr/local/lib/python3.12/logging/__init__.py", line 1700, in handle
    self.callHandlers(record)
  File "/usr/local/lib/python3.12/logging/__init__.py", line 1762, in callHandlers
    hdlr.handle(record)
  File "/usr/local/lib/python3.12/logging/__init__.py", line 1028, in handle
    self.emit(record)
  File "/home/airflow/.local/lib/python3.12/site-packages/airflow/utils/log/file_processor_handler.py", line 76, in emit
    self.handler.emit(record)
  File "/usr/local/lib/python3.12/logging/__init__.py", line 1280, in emit
    StreamHandler.emit(self, record)
  File "/usr/local/lib/python3.12/logging/__init__.py", line 1168, in emit
    self.handleError(record)
  File "/usr/local/lib/python3.12/logging/__init__.py", line 1081, in handleError
    sys.stderr.write('--- Logging error ---\n')
  File "/home/airflow/.local/lib/python3.12/site-packages/airflow/utils/log/logging_mixin.py", line 202, in write
    self.flush()
  File "/home/airflow/.local/lib/python3.12/site-packages/airflow/utils/log/logging_mixin.py", line 209, in flush
    self._propagate_log(buf)
  File "/home/airflow/.local/lib/python3.12/site-packages/airflow/utils/log/logging_mixin.py", line 190, in _propagate_log
    self.logger.log(self.level, remove_escape_codes(message))
  File "/usr/local/lib/python3.12/logging/__init__.py", line 1609, in log
    self._log(level, msg, args, **kwargs)
  File "/usr/local/lib/python3.12/logging/__init__.py", line 1684, in _log
    self.handle(record)
  File "/usr/local/lib/python3.12/logging/__init__.py", line 1700, in handle
    self.callHandlers(record)
  File "/usr/local/lib/python3.12/logging/__init__.py", line 1762, in callHandlers
    hdlr.handle(record)
  File "/usr/local/lib/python3.12/logging/__init__.py", line 1028, in handle
    self.emit(record)
  File "/home/airflow/.local/lib/python3.12/site-packages/airflow/utils/log/file_processor_handler.py", line 76, in emit
    self.handler.emit(record)
  File "/usr/local/lib/python3.12/logging/__init__.py", line 1280, in emit
    StreamHandler.emit(self, record)
  File "/usr/local/lib/python3.12/logging/__init__.py", line 1168, in emit
    self.handleError(record)
  File "/usr/local/lib/python3.12/logging/__init__.py", line 1081, in handleError
    sys.stderr.write('--- Logging error ---\n')
  File "/home/airflow/.local/lib/python3.12/site-packages/airflow/utils/log/logging_mixin.py", line 202, in write
    self.flush()
  File "/home/airflow/.local/lib/python3.12/site-packages/airflow/utils/log/logging_mixin.py", line 209, in flush
    self._propagate_log(buf)
  File "/home/airflow/.local/lib/python3.12/site-packages/airflow/utils/log/logging_mixin.py", line 190, in _propagate_log
    self.logger.log(self.level, remove_escape_codes(message))
  File "/usr/local/lib/python3.12/logging/__init__.py", line 1609, in log
    self._log(level, msg, args, **kwargs)
  File "/usr/local/lib/python3.12/logging/__init__.py", line 1684, in _log
    self.handle(record)
  File "/usr/local/lib/python3.12/logging/__init__.py", line 1700, in handle
    self.callHandlers(record)
  File "/usr/local/lib/python3.12/logging/__init__.py", line 1762, in callHandlers
    hdlr.handle(record)
  File "/usr/local/lib/python3.12/logging/__init__.py", line 1028, in handle
    self.emit(record)
  File "/home/airflow/.local/lib/python3.12/site-packages/airflow/utils/log/file_processor_handler.py", line 76, in emit
    self.handler.emit(record)
  File "/usr/local/lib/python3.12/logging/__init__.py", line 1280, in emit
    StreamHandler.emit(self, record)
  File "/usr/local/lib/python3.12/logging/__init__.py", line 1168, in emit
    self.handleError(record)
  File "/usr/local/lib/python3.12/logging/__init__.py", line 1081, in handleError
    sys.stderr.write('--- Logging error ---\n')
  File "/home/airflow/.local/lib/python3.12/site-packages/airflow/utils/log/logging_mixin.py", line 202, in write
    self.flush()
  File "/home/airflow/.local/lib/python3.12/site-packages/airflow/utils/log/logging_mixin.py", line 209, in flush
    self._propagate_log(buf)
  File "/home/airflow/.local/lib/python3.12/site-packages/airflow/utils/log/logging_mixin.py", line 190, in _propagate_log
    self.logger.log(self.level, remove_escape_codes(message))
  File "/usr/local/lib/python3.12/logging/__init__.py", line 1609, in log
    self._log(level, msg, args, **kwargs)
  File "/usr/local/lib/python3.12/logging/__init__.py", line 1684, in _log
    self.handle(record)
  File "/usr/local/lib/python3.12/logging/__init__.py", line 1700, in handle
    self.callHandlers(record)
  File "/usr/local/lib/python3.12/logging/__init__.py", line 1762, in callHandlers
    hdlr.handle(record)
  File "/usr/local/lib/python3.12/logging/__init__.py", line 1028, in handle
    self.emit(record)
  File "/home/airflow/.local/lib/python3.12/site-packages/airflow/utils/log/file_processor_handler.py", line 76, in emit
    self.handler.emit(record)
  File "/usr/local/lib/python3.12/logging/__init__.py", line 1280, in emit
    StreamHandler.emit(self, record)
  File "/usr/local/lib/python3.12/logging/__init__.py", line 1168, in emit
    self.handleError(record)
  File "/usr/local/lib/python3.12/logging/__init__.py", line 1081, in handleError
    sys.stderr.write('--- Logging error ---\n')
  File "/home/airflow/.local/lib/python3.12/site-packages/airflow/utils/log/logging_mixin.py", line 202, in write
    self.flush()
  File "/home/airflow/.local/lib/python3.12/site-packages/airflow/utils/log/logging_mixin.py", line 209, in flush
    self._propagate_log(buf)
  File "/home/airflow/.local/lib/python3.12/site-packages/airflow/utils/log/logging_mixin.py", line 190, in _propagate_log
    self.logger.log(self.level, remove_escape_codes(message))
  File "/usr/local/lib/python3.12/logging/__init__.py", line 1609, in log
    self._log(level, msg, args, **kwargs)
  File "/usr/local/lib/python3.12/logging/__init__.py", line 1684, in _log
    self.handle(record)
  File "/usr/local/lib/python3.12/logging/__init__.py", line 1700, in handle
    self.callHandlers(record)
  File "/usr/local/lib/python3.12/logging/__init__.py", line 1762, in callHandlers
    hdlr.handle(record)
  File "/usr/local/lib/python3.12/logging/__init__.py", line 1028, in handle
    self.emit(record)
  File "/home/airflow/.local/lib/python3.12/site-packages/airflow/utils/log/file_processor_handler.py", line 76, in emit
    self.handler.emit(record)
  File "/usr/local/lib/python3.12/logging/__init__.py", line 1280, in emit
    StreamHandler.emit(self, record)
  File "/usr/local/lib/python3.12/logging/__init__.py", line 1168, in emit
    self.handleError(record)
  File "/usr/local/lib/python3.12/logging/__init__.py", line 1081, in handleError
    sys.stderr.write('--- Logging error ---\n')
  File "/home/airflow/.local/lib/python3.12/site-packages/airflow/utils/log/logging_mixin.py", line 202, in write
    self.flush()
  File "/home/airflow/.local/lib/python3.12/site-packages/airflow/utils/log/logging_mixin.py", line 209, in flush
    self._propagate_log(buf)
  File "/home/airflow/.local/lib/python3.12/site-packages/airflow/utils/log/logging_mixin.py", line 190, in _propagate_log
    self.logger.log(self.level, remove_escape_codes(message))
  File "/usr/local/lib/python3.12/logging/__init__.py", line 1609, in log
    self._log(level, msg, args, **kwargs)
  File "/usr/local/lib/python3.12/logging/__init__.py", line 1684, in _log
    self.handle(record)
  File "/usr/local/lib/python3.12/logging/__init__.py", line 1700, in handle
    self.callHandlers(record)
  File "/usr/local/lib/python3.12/logging/__init__.py", line 1762, in callHandlers
    hdlr.handle(record)
  File "/usr/local/lib/python3.12/logging/__init__.py", line 1028, in handle
    self.emit(record)
  File "/home/airflow/.local/lib/python3.12/site-packages/airflow/utils/log/file_processor_handler.py", line 76, in emit
    self.handler.emit(record)
  File "/usr/local/lib/python3.12/logging/__init__.py", line 1280, in emit
    StreamHandler.emit(self, record)
  File "/usr/local/lib/python3.12/logging/__init__.py", line 1168, in emit
    self.handleError(record)
  File "/usr/local/lib/python3.12/logging/__init__.py", line 1081, in handleError
    sys.stderr.write('--- Logging error ---\n')
  File "/home/airflow/.local/lib/python3.12/site-packages/airflow/utils/log/logging_mixin.py", line 202, in write
    self.flush()
  File "/home/airflow/.local/lib/python3.12/site-packages/airflow/utils/log/logging_mixin.py", line 209, in flush
    self._propagate_log(buf)
  File "/home/airflow/.local/lib/python3.12/site-packages/airflow/utils/log/logging_mixin.py", line 190, in _propagate_log
    self.logger.log(self.level, remove_escape_codes(message))
  File "/usr/local/lib/python3.12/logging/__init__.py", line 1609, in log
    self._log(level, msg, args, **kwargs)
  File "/usr/local/lib/python3.12/logging/__init__.py", line 1684, in _log
    self.handle(record)
  File "/usr/local/lib/python3.12/logging/__init__.py", line 1700, in handle
    self.callHandlers(record)
  File "/usr/local/lib/python3.12/logging/__init__.py", line 1762, in callHandlers
    hdlr.handle(record)
  File "/usr/local/lib/python3.12/logging/__init__.py", line 1028, in handle
    self.emit(record)
  File "/home/airflow/.local/lib/python3.12/site-packages/airflow/utils/log/file_processor_handler.py", line 76, in emit
    self.handler.emit(record)
  File "/usr/local/lib/python3.12/logging/__init__.py", line 1280, in emit
    StreamHandler.emit(self, record)
  File "/usr/local/lib/python3.12/logging/__init__.py", line 1168, in emit
    self.handleError(record)
  File "/usr/local/lib/python3.12/logging/__init__.py", line 1081, in handleError
    sys.stderr.write('--- Logging error ---\n')
  File "/home/airflow/.local/lib/python3.12/site-packages/airflow/utils/log/logging_mixin.py", line 202, in write
    self.flush()
  File "/home/airflow/.local/lib/python3.12/site-packages/airflow/utils/log/logging_mixin.py", line 209, in flush
    self._propagate_log(buf)
  File "/home/airflow/.local/lib/python3.12/site-packages/airflow/utils/log/logging_mixin.py", line 190, in _propagate_log
    self.logger.log(self.level, remove_escape_codes(message))
  File "/usr/local/lib/python3.12/logging/__init__.py", line 1609, in log
    self._log(level, msg, args, **kwargs)
  File "/usr/local/lib/python3.12/logging/__init__.py", line 1684, in _log
    self.handle(record)
  File "/usr/local/lib/python3.12/logging/__init__.py", line 1700, in handle
    self.callHandlers(record)
  File "/usr/local/lib/python3.12/logging/__init__.py", line 1762, in callHandlers
    hdlr.handle(record)
  File "/usr/local/lib/python3.12/logging/__init__.py", line 1028, in handle
    self.emit(record)
  File "/home/airflow/.local/lib/python3.12/site-packages/airflow/utils/log/file_processor_handler.py", line 76, in emit
    self.handler.emit(record)
  File "/usr/local/lib/python3.12/logging/__init__.py", line 1280, in emit
    StreamHandler.emit(self, record)
  File "/usr/local/lib/python3.12/logging/__init__.py", line 1168, in emit
    self.handleError(record)
  File "/usr/local/lib/python3.12/logging/__init__.py", line 1081, in handleError
    sys.stderr.write('--- Logging error ---\n')
  File "/home/airflow/.local/lib/python3.12/site-packages/airflow/utils/log/logging_mixin.py", line 202, in write
    self.flush()
  File "/home/airflow/.local/lib/python3.12/site-packages/airflow/utils/log/logging_mixin.py", line 209, in flush
    self._propagate_log(buf)
  File "/home/airflow/.local/lib/python3.12/site-packages/airflow/utils/log/logging_mixin.py", line 190, in _propagate_log
    self.logger.log(self.level, remove_escape_codes(message))
  File "/usr/local/lib/python3.12/logging/__init__.py", line 1609, in log
    self._log(level, msg, args, **kwargs)
  File "/usr/local/lib/python3.12/logging/__init__.py", line 1684, in _log
    self.handle(record)
  File "/usr/local/lib/python3.12/logging/__init__.py", line 1700, in handle
    self.callHandlers(record)
  File "/usr/local/lib/python3.12/logging/__init__.py", line 1762, in callHandlers
    hdlr.handle(record)
  File "/usr/local/lib/python3.12/logging/__init__.py", line 1028, in handle
    self.emit(record)
  File "/home/airflow/.local/lib/python3.12/site-packages/airflow/utils/log/file_processor_handler.py", line 76, in emit
    self.handler.emit(record)
  File "/usr/local/lib/python3.12/logging/__init__.py", line 1280, in emit
    StreamHandler.emit(self, record)
  File "/usr/local/lib/python3.12/logging/__init__.py", line 1168, in emit
    self.handleError(record)
  File "/usr/local/lib/python3.12/logging/__init__.py", line 1081, in handleError
    sys.stderr.write('--- Logging error ---\n')
  File "/home/airflow/.local/lib/python3.12/site-packages/airflow/utils/log/logging_mixin.py", line 202, in write
    self.flush()
  File "/home/airflow/.local/lib/python3.12/site-packages/airflow/utils/log/logging_mixin.py", line 209, in flush
    self._propagate_log(buf)
  File "/home/airflow/.local/lib/python3.12/site-packages/airflow/utils/log/logging_mixin.py", line 190, in _propagate_log
    self.logger.log(self.level, remove_escape_codes(message))
  File "/usr/local/lib/python3.12/logging/__init__.py", line 1609, in log
    self._log(level, msg, args, **kwargs)
  File "/usr/local/lib/python3.12/logging/__init__.py", line 1684, in _log
    self.handle(record)
  File "/usr/local/lib/python3.12/logging/__init__.py", line 1700, in handle
    self.callHandlers(record)
  File "/usr/local/lib/python3.12/logging/__init__.py", line 1762, in callHandlers
    hdlr.handle(record)
  File "/usr/local/lib/python3.12/logging/__init__.py", line 1028, in handle
    self.emit(record)
  File "/home/airflow/.local/lib/python3.12/site-packages/airflow/utils/log/file_processor_handler.py", line 76, in emit
    self.handler.emit(record)
  File "/usr/local/lib/python3.12/logging/__init__.py", line 1280, in emit
    StreamHandler.emit(self, record)
  File "/usr/local/lib/python3.12/logging/__init__.py", line 1168, in emit
    self.handleError(record)
  File "/usr/local/lib/python3.12/logging/__init__.py", line 1081, in handleError
    sys.stderr.write('--- Logging error ---\n')
  File "/home/airflow/.local/lib/python3.12/site-packages/airflow/utils/log/logging_mixin.py", line 202, in write
    self.flush()
  File "/home/airflow/.local/lib/python3.12/site-packages/airflow/utils/log/logging_mixin.py", line 209, in flush
    self._propagate_log(buf)
  File "/home/airflow/.local/lib/python3.12/site-packages/airflow/utils/log/logging_mixin.py", line 190, in _propagate_log
    self.logger.log(self.level, remove_escape_codes(message))
  File "/usr/local/lib/python3.12/logging/__init__.py", line 1609, in log
    self._log(level, msg, args, **kwargs)
  File "/usr/local/lib/python3.12/logging/__init__.py", line 1684, in _log
    self.handle(record)
  File "/usr/local/lib/python3.12/logging/__init__.py", line 1700, in handle
    self.callHandlers(record)
  File "/usr/local/lib/python3.12/logging/__init__.py", line 1762, in callHandlers
    hdlr.handle(record)
  File "/usr/local/lib/python3.12/logging/__init__.py", line 1028, in handle
    self.emit(record)
  File "/home/airflow/.local/lib/python3.12/site-packages/airflow/utils/log/file_processor_handler.py", line 76, in emit
    self.handler.emit(record)
  File "/usr/local/lib/python3.12/logging/__init__.py", line 1280, in emit
    StreamHandler.emit(self, record)
  File "/usr/local/lib/python3.12/logging/__init__.py", line 1168, in emit
    self.handleError(record)
  File "/usr/local/lib/python3.12/logging/__init__.py", line 1081, in handleError
    sys.stderr.write('--- Logging error ---\n')
  File "/home/airflow/.local/lib/python3.12/site-packages/airflow/utils/log/logging_mixin.py", line 202, in write
    self.flush()
  File "/home/airflow/.local/lib/python3.12/site-packages/airflow/utils/log/logging_mixin.py", line 209, in flush
    self._propagate_log(buf)
  File "/home/airflow/.local/lib/python3.12/site-packages/airflow/utils/log/logging_mixin.py", line 190, in _propagate_log
    self.logger.log(self.level, remove_escape_codes(message))
  File "/usr/local/lib/python3.12/logging/__init__.py", line 1609, in log
    self._log(level, msg, args, **kwargs)
  File "/usr/local/lib/python3.12/logging/__init__.py", line 1684, in _log
    self.handle(record)
  File "/usr/local/lib/python3.12/logging/__init__.py", line 1700, in handle
    self.callHandlers(record)
  File "/usr/local/lib/python3.12/logging/__init__.py", line 1762, in callHandlers
    hdlr.handle(record)
  File "/usr/local/lib/python3.12/logging/__init__.py", line 1028, in handle
    self.emit(record)
  File "/home/airflow/.local/lib/python3.12/site-packages/airflow/utils/log/file_processor_handler.py", line 76, in emit
    self.handler.emit(record)
  File "/usr/local/lib/python3.12/logging/__init__.py", line 1280, in emit
    StreamHandler.emit(self, record)
  File "/usr/local/lib/python3.12/logging/__init__.py", line 1168, in emit
    self.handleError(record)
  File "/usr/local/lib/python3.12/logging/__init__.py", line 1081, in handleError
    sys.stderr.write('--- Logging error ---\n')
  File "/home/airflow/.local/lib/python3.12/site-packages/airflow/utils/log/logging_mixin.py", line 202, in write
    self.flush()
  File "/home/airflow/.local/lib/python3.12/site-packages/airflow/utils/log/logging_mixin.py", line 209, in flush
    self._propagate_log(buf)
  File "/home/airflow/.local/lib/python3.12/site-packages/airflow/utils/log/logging_mixin.py", line 190, in _propagate_log
    self.logger.log(self.level, remove_escape_codes(message))
  File "/usr/local/lib/python3.12/logging/__init__.py", line 1609, in log
    self._log(level, msg, args, **kwargs)
  File "/usr/local/lib/python3.12/logging/__init__.py", line 1684, in _log
    self.handle(record)
  File "/usr/local/lib/python3.12/logging/__init__.py", line 1700, in handle
    self.callHandlers(record)
  File "/usr/local/lib/python3.12/logging/__init__.py", line 1762, in callHandlers
    hdlr.handle(record)
  File "/usr/local/lib/python3.12/logging/__init__.py", line 1028, in handle
    self.emit(record)
  File "/home/airflow/.local/lib/python3.12/site-packages/airflow/utils/log/file_processor_handler.py", line 76, in emit
    self.handler.emit(record)
  File "/usr/local/lib/python3.12/logging/__init__.py", line 1280, in emit
    StreamHandler.emit(self, record)
  File "/usr/local/lib/python3.12/logging/__init__.py", line 1168, in emit
    self.handleError(record)
  File "/usr/local/lib/python3.12/logging/__init__.py", line 1081, in handleError
    sys.stderr.write('--- Logging error ---\n')
  File "/home/airflow/.local/lib/python3.12/site-packages/airflow/utils/log/logging_mixin.py", line 202, in write
    self.flush()
  File "/home/airflow/.local/lib/python3.12/site-packages/airflow/utils/log/logging_mixin.py", line 209, in flush
    self._propagate_log(buf)
  File "/home/airflow/.local/lib/python3.12/site-packages/airflow/utils/log/logging_mixin.py", line 190, in _propagate_log
    self.logger.log(self.level, remove_escape_codes(message))
  File "/usr/local/lib/python3.12/logging/__init__.py", line 1609, in log
    self._log(level, msg, args, **kwargs)
  File "/usr/local/lib/python3.12/logging/__init__.py", line 1684, in _log
    self.handle(record)
  File "/usr/local/lib/python3.12/logging/__init__.py", line 1700, in handle
    self.callHandlers(record)
  File "/usr/local/lib/python3.12/logging/__init__.py", line 1762, in callHandlers
    hdlr.handle(record)
  File "/usr/local/lib/python3.12/logging/__init__.py", line 1028, in handle
    self.emit(record)
  File "/home/airflow/.local/lib/python3.12/site-packages/airflow/utils/log/file_processor_handler.py", line 76, in emit
    self.handler.emit(record)
  File "/usr/local/lib/python3.12/logging/__init__.py", line 1280, in emit
    StreamHandler.emit(self, record)
  File "/usr/local/lib/python3.12/logging/__init__.py", line 1168, in emit
    self.handleError(record)
  File "/usr/local/lib/python3.12/logging/__init__.py", line 1081, in handleError
    sys.stderr.write('--- Logging error ---\n')
  File "/home/airflow/.local/lib/python3.12/site-packages/airflow/utils/log/logging_mixin.py", line 202, in write
    self.flush()
  File "/home/airflow/.local/lib/python3.12/site-packages/airflow/utils/log/logging_mixin.py", line 209, in flush
    self._propagate_log(buf)
  File "/home/airflow/.local/lib/python3.12/site-packages/airflow/utils/log/logging_mixin.py", line 190, in _propagate_log
    self.logger.log(self.level, remove_escape_codes(message))
  File "/usr/local/lib/python3.12/logging/__init__.py", line 1609, in log
    self._log(level, msg, args, **kwargs)
  File "/usr/local/lib/python3.12/logging/__init__.py", line 1684, in _log
    self.handle(record)
  File "/usr/local/lib/python3.12/logging/__init__.py", line 1700, in handle
    self.callHandlers(record)
  File "/usr/local/lib/python3.12/logging/__init__.py", line 1762, in callHandlers
    hdlr.handle(record)
  File "/usr/local/lib/python3.12/logging/__init__.py", line 1028, in handle
    self.emit(record)
  File "/home/airflow/.local/lib/python3.12/site-packages/airflow/utils/log/file_processor_handler.py", line 76, in emit
    self.handler.emit(record)
  File "/usr/local/lib/python3.12/logging/__init__.py", line 1280, in emit
    StreamHandler.emit(self, record)
  File "/usr/local/lib/python3.12/logging/__init__.py", line 1168, in emit
    self.handleError(record)
  File "/usr/local/lib/python3.12/logging/__init__.py", line 1081, in handleError
    sys.stderr.write('--- Logging error ---\n')
  File "/home/airflow/.local/lib/python3.12/site-packages/airflow/utils/log/logging_mixin.py", line 202, in write
    self.flush()
  File "/home/airflow/.local/lib/python3.12/site-packages/airflow/utils/log/logging_mixin.py", line 209, in flush
    self._propagate_log(buf)
  File "/home/airflow/.local/lib/python3.12/site-packages/airflow/utils/log/logging_mixin.py", line 190, in _propagate_log
    self.logger.log(self.level, remove_escape_codes(message))
  File "/usr/local/lib/python3.12/logging/__init__.py", line 1609, in log
    self._log(level, msg, args, **kwargs)
  File "/usr/local/lib/python3.12/logging/__init__.py", line 1684, in _log
    self.handle(record)
  File "/usr/local/lib/python3.12/logging/__init__.py", line 1700, in handle
    self.callHandlers(record)
  File "/usr/local/lib/python3.12/logging/__init__.py", line 1762, in callHandlers
    hdlr.handle(record)
  File "/usr/local/lib/python3.12/logging/__init__.py", line 1028, in handle
    self.emit(record)
  File "/home/airflow/.local/lib/python3.12/site-packages/airflow/utils/log/file_processor_handler.py", line 76, in emit
    self.handler.emit(record)
  File "/usr/local/lib/python3.12/logging/__init__.py", line 1280, in emit
    StreamHandler.emit(self, record)
  File "/usr/local/lib/python3.12/logging/__init__.py", line 1168, in emit
    self.handleError(record)
  File "/usr/local/lib/python3.12/logging/__init__.py", line 1081, in handleError
    sys.stderr.write('--- Logging error ---\n')
  File "/home/airflow/.local/lib/python3.12/site-packages/airflow/utils/log/logging_mixin.py", line 202, in write
    self.flush()
  File "/home/airflow/.local/lib/python3.12/site-packages/airflow/utils/log/logging_mixin.py", line 209, in flush
    self._propagate_log(buf)
  File "/home/airflow/.local/lib/python3.12/site-packages/airflow/utils/log/logging_mixin.py", line 190, in _propagate_log
    self.logger.log(self.level, remove_escape_codes(message))
  File "/usr/local/lib/python3.12/logging/__init__.py", line 1609, in log
    self._log(level, msg, args, **kwargs)
  File "/usr/local/lib/python3.12/logging/__init__.py", line 1684, in _log
    self.handle(record)
  File "/usr/local/lib/python3.12/logging/__init__.py", line 1700, in handle
    self.callHandlers(record)
  File "/usr/local/lib/python3.12/logging/__init__.py", line 1762, in callHandlers
    hdlr.handle(record)
  File "/usr/local/lib/python3.12/logging/__init__.py", line 1028, in handle
    self.emit(record)
  File "/home/airflow/.local/lib/python3.12/site-packages/airflow/utils/log/file_processor_handler.py", line 76, in emit
    self.handler.emit(record)
  File "/usr/local/lib/python3.12/logging/__init__.py", line 1280, in emit
    StreamHandler.emit(self, record)
  File "/usr/local/lib/python3.12/logging/__init__.py", line 1168, in emit
    self.handleError(record)
  File "/usr/local/lib/python3.12/logging/__init__.py", line 1081, in handleError
    sys.stderr.write('--- Logging error ---\n')
  File "/home/airflow/.local/lib/python3.12/site-packages/airflow/utils/log/logging_mixin.py", line 202, in write
    self.flush()
  File "/home/airflow/.local/lib/python3.12/site-packages/airflow/utils/log/logging_mixin.py", line 209, in flush
    self._propagate_log(buf)
  File "/home/airflow/.local/lib/python3.12/site-packages/airflow/utils/log/logging_mixin.py", line 190, in _propagate_log
    self.logger.log(self.level, remove_escape_codes(message))
  File "/usr/local/lib/python3.12/logging/__init__.py", line 1609, in log
    self._log(level, msg, args, **kwargs)
  File "/usr/local/lib/python3.12/logging/__init__.py", line 1684, in _log
    self.handle(record)
  File "/usr/local/lib/python3.12/logging/__init__.py", line 1700, in handle
    self.callHandlers(record)
  File "/usr/local/lib/python3.12/logging/__init__.py", line 1762, in callHandlers
    hdlr.handle(record)
  File "/usr/local/lib/python3.12/logging/__init__.py", line 1028, in handle
    self.emit(record)
  File "/home/airflow/.local/lib/python3.12/site-packages/airflow/utils/log/file_processor_handler.py", line 76, in emit
    self.handler.emit(record)
  File "/usr/local/lib/python3.12/logging/__init__.py", line 1280, in emit
    StreamHandler.emit(self, record)
  File "/usr/local/lib/python3.12/logging/__init__.py", line 1168, in emit
    self.handleError(record)
  File "/usr/local/lib/python3.12/logging/__init__.py", line 1081, in handleError
    sys.stderr.write('--- Logging error ---\n')
  File "/home/airflow/.local/lib/python3.12/site-packages/airflow/utils/log/logging_mixin.py", line 202, in write
    self.flush()
  File "/home/airflow/.local/lib/python3.12/site-packages/airflow/utils/log/logging_mixin.py", line 209, in flush
    self._propagate_log(buf)
  File "/home/airflow/.local/lib/python3.12/site-packages/airflow/utils/log/logging_mixin.py", line 190, in _propagate_log
    self.logger.log(self.level, remove_escape_codes(message))
  File "/usr/local/lib/python3.12/logging/__init__.py", line 1609, in log
    self._log(level, msg, args, **kwargs)
  File "/usr/local/lib/python3.12/logging/__init__.py", line 1684, in _log
    self.handle(record)
  File "/usr/local/lib/python3.12/logging/__init__.py", line 1700, in handle
    self.callHandlers(record)
  File "/usr/local/lib/python3.12/logging/__init__.py", line 1762, in callHandlers
    hdlr.handle(record)
  File "/usr/local/lib/python3.12/logging/__init__.py", line 1028, in handle
    self.emit(record)
  File "/home/airflow/.local/lib/python3.12/site-packages/airflow/utils/log/file_processor_handler.py", line 76, in emit
    self.handler.emit(record)
  File "/usr/local/lib/python3.12/logging/__init__.py", line 1280, in emit
    StreamHandler.emit(self, record)
  File "/usr/local/lib/python3.12/logging/__init__.py", line 1168, in emit
    self.handleError(record)
  File "/usr/local/lib/python3.12/logging/__init__.py", line 1081, in handleError
    sys.stderr.write('--- Logging error ---\n')
  File "/home/airflow/.local/lib/python3.12/site-packages/airflow/utils/log/logging_mixin.py", line 202, in write
    self.flush()
  File "/home/airflow/.local/lib/python3.12/site-packages/airflow/utils/log/logging_mixin.py", line 209, in flush
    self._propagate_log(buf)
  File "/home/airflow/.local/lib/python3.12/site-packages/airflow/utils/log/logging_mixin.py", line 190, in _propagate_log
    self.logger.log(self.level, remove_escape_codes(message))
  File "/usr/local/lib/python3.12/logging/__init__.py", line 1609, in log
    self._log(level, msg, args, **kwargs)
  File "/usr/local/lib/python3.12/logging/__init__.py", line 1684, in _log
    self.handle(record)
  File "/usr/local/lib/python3.12/logging/__init__.py", line 1700, in handle
    self.callHandlers(record)
  File "/usr/local/lib/python3.12/logging/__init__.py", line 1762, in callHandlers
    hdlr.handle(record)
  File "/usr/local/lib/python3.12/logging/__init__.py", line 1028, in handle
    self.emit(record)
  File "/home/airflow/.local/lib/python3.12/site-packages/airflow/utils/log/file_processor_handler.py", line 76, in emit
    self.handler.emit(record)
  File "/usr/local/lib/python3.12/logging/__init__.py", line 1280, in emit
    StreamHandler.emit(self, record)
  File "/usr/local/lib/python3.12/logging/__init__.py", line 1168, in emit
    self.handleError(record)
  File "/usr/local/lib/python3.12/logging/__init__.py", line 1081, in handleError
    sys.stderr.write('--- Logging error ---\n')
  File "/home/airflow/.local/lib/python3.12/site-packages/airflow/utils/log/logging_mixin.py", line 202, in write
    self.flush()
  File "/home/airflow/.local/lib/python3.12/site-packages/airflow/utils/log/logging_mixin.py", line 209, in flush
    self._propagate_log(buf)
  File "/home/airflow/.local/lib/python3.12/site-packages/airflow/utils/log/logging_mixin.py", line 190, in _propagate_log
    self.logger.log(self.level, remove_escape_codes(message))
  File "/usr/local/lib/python3.12/logging/__init__.py", line 1609, in log
    self._log(level, msg, args, **kwargs)
  File "/usr/local/lib/python3.12/logging/__init__.py", line 1684, in _log
    self.handle(record)
  File "/usr/local/lib/python3.12/logging/__init__.py", line 1700, in handle
    self.callHandlers(record)
  File "/usr/local/lib/python3.12/logging/__init__.py", line 1762, in callHandlers
    hdlr.handle(record)
  File "/usr/local/lib/python3.12/logging/__init__.py", line 1028, in handle
    self.emit(record)
  File "/home/airflow/.local/lib/python3.12/site-packages/airflow/utils/log/file_processor_handler.py", line 76, in emit
    self.handler.emit(record)
  File "/usr/local/lib/python3.12/logging/__init__.py", line 1280, in emit
    StreamHandler.emit(self, record)
  File "/usr/local/lib/python3.12/logging/__init__.py", line 1168, in emit
    self.handleError(record)
  File "/usr/local/lib/python3.12/logging/__init__.py", line 1081, in handleError
    sys.stderr.write('--- Logging error ---\n')
  File "/home/airflow/.local/lib/python3.12/site-packages/airflow/utils/log/logging_mixin.py", line 202, in write
    self.flush()
  File "/home/airflow/.local/lib/python3.12/site-packages/airflow/utils/log/logging_mixin.py", line 209, in flush
    self._propagate_log(buf)
  File "/home/airflow/.local/lib/python3.12/site-packages/airflow/utils/log/logging_mixin.py", line 190, in _propagate_log
    self.logger.log(self.level, remove_escape_codes(message))
  File "/usr/local/lib/python3.12/logging/__init__.py", line 1609, in log
    self._log(level, msg, args, **kwargs)
  File "/usr/local/lib/python3.12/logging/__init__.py", line 1684, in _log
    self.handle(record)
  File "/usr/local/lib/python3.12/logging/__init__.py", line 1700, in handle
    self.callHandlers(record)
  File "/usr/local/lib/python3.12/logging/__init__.py", line 1762, in callHandlers
    hdlr.handle(record)
  File "/usr/local/lib/python3.12/logging/__init__.py", line 1028, in handle
    self.emit(record)
  File "/home/airflow/.local/lib/python3.12/site-packages/airflow/utils/log/file_processor_handler.py", line 76, in emit
    self.handler.emit(record)
  File "/usr/local/lib/python3.12/logging/__init__.py", line 1280, in emit
    StreamHandler.emit(self, record)
  File "/usr/local/lib/python3.12/logging/__init__.py", line 1168, in emit
    self.handleError(record)
  File "/usr/local/lib/python3.12/logging/__init__.py", line 1081, in handleError
    sys.stderr.write('--- Logging error ---\n')
  File "/home/airflow/.local/lib/python3.12/site-packages/airflow/utils/log/logging_mixin.py", line 202, in write
    self.flush()
  File "/home/airflow/.local/lib/python3.12/site-packages/airflow/utils/log/logging_mixin.py", line 209, in flush
    self._propagate_log(buf)
  File "/home/airflow/.local/lib/python3.12/site-packages/airflow/utils/log/logging_mixin.py", line 190, in _propagate_log
    self.logger.log(self.level, remove_escape_codes(message))
  File "/usr/local/lib/python3.12/logging/__init__.py", line 1609, in log
    self._log(level, msg, args, **kwargs)
  File "/usr/local/lib/python3.12/logging/__init__.py", line 1684, in _log
    self.handle(record)
  File "/usr/local/lib/python3.12/logging/__init__.py", line 1700, in handle
    self.callHandlers(record)
  File "/usr/local/lib/python3.12/logging/__init__.py", line 1762, in callHandlers
    hdlr.handle(record)
  File "/usr/local/lib/python3.12/logging/__init__.py", line 1028, in handle
    self.emit(record)
  File "/home/airflow/.local/lib/python3.12/site-packages/airflow/utils/log/file_processor_handler.py", line 76, in emit
    self.handler.emit(record)
  File "/usr/local/lib/python3.12/logging/__init__.py", line 1280, in emit
    StreamHandler.emit(self, record)
  File "/usr/local/lib/python3.12/logging/__init__.py", line 1168, in emit
    self.handleError(record)
  File "/usr/local/lib/python3.12/logging/__init__.py", line 1081, in handleError
    sys.stderr.write('--- Logging error ---\n')
  File "/home/airflow/.local/lib/python3.12/site-packages/airflow/utils/log/logging_mixin.py", line 202, in write
    self.flush()
  File "/home/airflow/.local/lib/python3.12/site-packages/airflow/utils/log/logging_mixin.py", line 209, in flush
    self._propagate_log(buf)
  File "/home/airflow/.local/lib/python3.12/site-packages/airflow/utils/log/logging_mixin.py", line 190, in _propagate_log
    self.logger.log(self.level, remove_escape_codes(message))
  File "/usr/local/lib/python3.12/logging/__init__.py", line 1609, in log
    self._log(level, msg, args, **kwargs)
  File "/usr/local/lib/python3.12/logging/__init__.py", line 1684, in _log
    self.handle(record)
  File "/usr/local/lib/python3.12/logging/__init__.py", line 1700, in handle
    self.callHandlers(record)
  File "/usr/local/lib/python3.12/logging/__init__.py", line 1762, in callHandlers
    hdlr.handle(record)
  File "/usr/local/lib/python3.12/logging/__init__.py", line 1028, in handle
    self.emit(record)
  File "/home/airflow/.local/lib/python3.12/site-packages/airflow/utils/log/file_processor_handler.py", line 76, in emit
    self.handler.emit(record)
  File "/usr/local/lib/python3.12/logging/__init__.py", line 1280, in emit
    StreamHandler.emit(self, record)
  File "/usr/local/lib/python3.12/logging/__init__.py", line 1168, in emit
    self.handleError(record)
  File "/usr/local/lib/python3.12/logging/__init__.py", line 1081, in handleError
    sys.stderr.write('--- Logging error ---\n')
  File "/home/airflow/.local/lib/python3.12/site-packages/airflow/utils/log/logging_mixin.py", line 202, in write
    self.flush()
  File "/home/airflow/.local/lib/python3.12/site-packages/airflow/utils/log/logging_mixin.py", line 209, in flush
    self._propagate_log(buf)
  File "/home/airflow/.local/lib/python3.12/site-packages/airflow/utils/log/logging_mixin.py", line 190, in _propagate_log
    self.logger.log(self.level, remove_escape_codes(message))
  File "/usr/local/lib/python3.12/logging/__init__.py", line 1609, in log
    self._log(level, msg, args, **kwargs)
  File "/usr/local/lib/python3.12/logging/__init__.py", line 1684, in _log
    self.handle(record)
  File "/usr/local/lib/python3.12/logging/__init__.py", line 1700, in handle
    self.callHandlers(record)
  File "/usr/local/lib/python3.12/logging/__init__.py", line 1762, in callHandlers
    hdlr.handle(record)
  File "/usr/local/lib/python3.12/logging/__init__.py", line 1028, in handle
    self.emit(record)
  File "/home/airflow/.local/lib/python3.12/site-packages/airflow/utils/log/file_processor_handler.py", line 76, in emit
    self.handler.emit(record)
  File "/usr/local/lib/python3.12/logging/__init__.py", line 1280, in emit
    StreamHandler.emit(self, record)
  File "/usr/local/lib/python3.12/logging/__init__.py", line 1168, in emit
    self.handleError(record)
  File "/usr/local/lib/python3.12/logging/__init__.py", line 1081, in handleError
    sys.stderr.write('--- Logging error ---\n')
  File "/home/airflow/.local/lib/python3.12/site-packages/airflow/utils/log/logging_mixin.py", line 202, in write
    self.flush()
  File "/home/airflow/.local/lib/python3.12/site-packages/airflow/utils/log/logging_mixin.py", line 209, in flush
    self._propagate_log(buf)
  File "/home/airflow/.local/lib/python3.12/site-packages/airflow/utils/log/logging_mixin.py", line 190, in _propagate_log
    self.logger.log(self.level, remove_escape_codes(message))
  File "/usr/local/lib/python3.12/logging/__init__.py", line 1609, in log
    self._log(level, msg, args, **kwargs)
  File "/usr/local/lib/python3.12/logging/__init__.py", line 1684, in _log
    self.handle(record)
  File "/usr/local/lib/python3.12/logging/__init__.py", line 1700, in handle
    self.callHandlers(record)
  File "/usr/local/lib/python3.12/logging/__init__.py", line 1762, in callHandlers
    hdlr.handle(record)
  File "/usr/local/lib/python3.12/logging/__init__.py", line 1028, in handle
    self.emit(record)
  File "/home/airflow/.local/lib/python3.12/site-packages/airflow/utils/log/file_processor_handler.py", line 76, in emit
    self.handler.emit(record)
  File "/usr/local/lib/python3.12/logging/__init__.py", line 1280, in emit
    StreamHandler.emit(self, record)
  File "/usr/local/lib/python3.12/logging/__init__.py", line 1168, in emit
    self.handleError(record)
  File "/usr/local/lib/python3.12/logging/__init__.py", line 1081, in handleError
    sys.stderr.write('--- Logging error ---\n')
  File "/home/airflow/.local/lib/python3.12/site-packages/airflow/utils/log/logging_mixin.py", line 202, in write
    self.flush()
  File "/home/airflow/.local/lib/python3.12/site-packages/airflow/utils/log/logging_mixin.py", line 209, in flush
    self._propagate_log(buf)
  File "/home/airflow/.local/lib/python3.12/site-packages/airflow/utils/log/logging_mixin.py", line 190, in _propagate_log
    self.logger.log(self.level, remove_escape_codes(message))
  File "/usr/local/lib/python3.12/logging/__init__.py", line 1609, in log
    self._log(level, msg, args, **kwargs)
  File "/usr/local/lib/python3.12/logging/__init__.py", line 1684, in _log
    self.handle(record)
  File "/usr/local/lib/python3.12/logging/__init__.py", line 1700, in handle
    self.callHandlers(record)
  File "/usr/local/lib/python3.12/logging/__init__.py", line 1762, in callHandlers
    hdlr.handle(record)
  File "/usr/local/lib/python3.12/logging/__init__.py", line 1028, in handle
    self.emit(record)
  File "/home/airflow/.local/lib/python3.12/site-packages/airflow/utils/log/file_processor_handler.py", line 76, in emit
    self.handler.emit(record)
  File "/usr/local/lib/python3.12/logging/__init__.py", line 1280, in emit
    StreamHandler.emit(self, record)
  File "/usr/local/lib/python3.12/logging/__init__.py", line 1168, in emit
    self.handleError(record)
  File "/usr/local/lib/python3.12/logging/__init__.py", line 1081, in handleError
    sys.stderr.write('--- Logging error ---\n')
  File "/home/airflow/.local/lib/python3.12/site-packages/airflow/utils/log/logging_mixin.py", line 202, in write
    self.flush()
  File "/home/airflow/.local/lib/python3.12/site-packages/airflow/utils/log/logging_mixin.py", line 209, in flush
    self._propagate_log(buf)
  File "/home/airflow/.local/lib/python3.12/site-packages/airflow/utils/log/logging_mixin.py", line 190, in _propagate_log
    self.logger.log(self.level, remove_escape_codes(message))
  File "/usr/local/lib/python3.12/logging/__init__.py", line 1609, in log
    self._log(level, msg, args, **kwargs)
  File "/usr/local/lib/python3.12/logging/__init__.py", line 1684, in _log
    self.handle(record)
  File "/usr/local/lib/python3.12/logging/__init__.py", line 1700, in handle
    self.callHandlers(record)
  File "/usr/local/lib/python3.12/logging/__init__.py", line 1762, in callHandlers
    hdlr.handle(record)
  File "/usr/local/lib/python3.12/logging/__init__.py", line 1028, in handle
    self.emit(record)
  File "/home/airflow/.local/lib/python3.12/site-packages/airflow/utils/log/file_processor_handler.py", line 76, in emit
    self.handler.emit(record)
  File "/usr/local/lib/python3.12/logging/__init__.py", line 1280, in emit
    StreamHandler.emit(self, record)
  File "/usr/local/lib/python3.12/logging/__init__.py", line 1168, in emit
    self.handleError(record)
  File "/usr/local/lib/python3.12/logging/__init__.py", line 1081, in handleError
    sys.stderr.write('--- Logging error ---\n')
  File "/home/airflow/.local/lib/python3.12/site-packages/airflow/utils/log/logging_mixin.py", line 202, in write
    self.flush()
  File "/home/airflow/.local/lib/python3.12/site-packages/airflow/utils/log/logging_mixin.py", line 209, in flush
    self._propagate_log(buf)
  File "/home/airflow/.local/lib/python3.12/site-packages/airflow/utils/log/logging_mixin.py", line 190, in _propagate_log
    self.logger.log(self.level, remove_escape_codes(message))
  File "/usr/local/lib/python3.12/logging/__init__.py", line 1609, in log
    self._log(level, msg, args, **kwargs)
  File "/usr/local/lib/python3.12/logging/__init__.py", line 1684, in _log
    self.handle(record)
  File "/usr/local/lib/python3.12/logging/__init__.py", line 1700, in handle
    self.callHandlers(record)
  File "/usr/local/lib/python3.12/logging/__init__.py", line 1762, in callHandlers
    hdlr.handle(record)
  File "/usr/local/lib/python3.12/logging/__init__.py", line 1028, in handle
    self.emit(record)
  File "/home/airflow/.local/lib/python3.12/site-packages/airflow/utils/log/file_processor_handler.py", line 76, in emit
    self.handler.emit(record)
  File "/usr/local/lib/python3.12/logging/__init__.py", line 1280, in emit
    StreamHandler.emit(self, record)
  File "/usr/local/lib/python3.12/logging/__init__.py", line 1168, in emit
    self.handleError(record)
  File "/usr/local/lib/python3.12/logging/__init__.py", line 1081, in handleError
    sys.stderr.write('--- Logging error ---\n')
  File "/home/airflow/.local/lib/python3.12/site-packages/airflow/utils/log/logging_mixin.py", line 202, in write
    self.flush()
  File "/home/airflow/.local/lib/python3.12/site-packages/airflow/utils/log/logging_mixin.py", line 209, in flush
    self._propagate_log(buf)
  File "/home/airflow/.local/lib/python3.12/site-packages/airflow/utils/log/logging_mixin.py", line 190, in _propagate_log
    self.logger.log(self.level, remove_escape_codes(message))
  File "/usr/local/lib/python3.12/logging/__init__.py", line 1609, in log
    self._log(level, msg, args, **kwargs)
  File "/usr/local/lib/python3.12/logging/__init__.py", line 1684, in _log
    self.handle(record)
  File "/usr/local/lib/python3.12/logging/__init__.py", line 1700, in handle
    self.callHandlers(record)
  File "/usr/local/lib/python3.12/logging/__init__.py", line 1762, in callHandlers
    hdlr.handle(record)
  File "/usr/local/lib/python3.12/logging/__init__.py", line 1028, in handle
    self.emit(record)
  File "/home/airflow/.local/lib/python3.12/site-packages/airflow/utils/log/file_processor_handler.py", line 76, in emit
    self.handler.emit(record)
  File "/usr/local/lib/python3.12/logging/__init__.py", line 1280, in emit
    StreamHandler.emit(self, record)
  File "/usr/local/lib/python3.12/logging/__init__.py", line 1168, in emit
    self.handleError(record)
  File "/usr/local/lib/python3.12/logging/__init__.py", line 1081, in handleError
    sys.stderr.write('--- Logging error ---\n')
  File "/home/airflow/.local/lib/python3.12/site-packages/airflow/utils/log/logging_mixin.py", line 202, in write
    self.flush()
  File "/home/airflow/.local/lib/python3.12/site-packages/airflow/utils/log/logging_mixin.py", line 209, in flush
    self._propagate_log(buf)
  File "/home/airflow/.local/lib/python3.12/site-packages/airflow/utils/log/logging_mixin.py", line 190, in _propagate_log
    self.logger.log(self.level, remove_escape_codes(message))
  File "/usr/local/lib/python3.12/logging/__init__.py", line 1609, in log
    self._log(level, msg, args, **kwargs)
  File "/usr/local/lib/python3.12/logging/__init__.py", line 1684, in _log
    self.handle(record)
  File "/usr/local/lib/python3.12/logging/__init__.py", line 1700, in handle
    self.callHandlers(record)
  File "/usr/local/lib/python3.12/logging/__init__.py", line 1762, in callHandlers
    hdlr.handle(record)
  File "/usr/local/lib/python3.12/logging/__init__.py", line 1028, in handle
    self.emit(record)
  File "/home/airflow/.local/lib/python3.12/site-packages/airflow/utils/log/file_processor_handler.py", line 76, in emit
    self.handler.emit(record)
  File "/usr/local/lib/python3.12/logging/__init__.py", line 1280, in emit
    StreamHandler.emit(self, record)
  File "/usr/local/lib/python3.12/logging/__init__.py", line 1168, in emit
    self.handleError(record)
  File "/usr/local/lib/python3.12/logging/__init__.py", line 1081, in handleError
    sys.stderr.write('--- Logging error ---\n')
  File "/home/airflow/.local/lib/python3.12/site-packages/airflow/utils/log/logging_mixin.py", line 202, in write
    self.flush()
  File "/home/airflow/.local/lib/python3.12/site-packages/airflow/utils/log/logging_mixin.py", line 209, in flush
    self._propagate_log(buf)
  File "/home/airflow/.local/lib/python3.12/site-packages/airflow/utils/log/logging_mixin.py", line 190, in _propagate_log
    self.logger.log(self.level, remove_escape_codes(message))
  File "/usr/local/lib/python3.12/logging/__init__.py", line 1609, in log
    self._log(level, msg, args, **kwargs)
  File "/usr/local/lib/python3.12/logging/__init__.py", line 1684, in _log
    self.handle(record)
  File "/usr/local/lib/python3.12/logging/__init__.py", line 1700, in handle
    self.callHandlers(record)
  File "/usr/local/lib/python3.12/logging/__init__.py", line 1762, in callHandlers
    hdlr.handle(record)
  File "/usr/local/lib/python3.12/logging/__init__.py", line 1028, in handle
    self.emit(record)
  File "/home/airflow/.local/lib/python3.12/site-packages/airflow/utils/log/file_processor_handler.py", line 76, in emit
    self.handler.emit(record)
  File "/usr/local/lib/python3.12/logging/__init__.py", line 1280, in emit
    StreamHandler.emit(self, record)
  File "/usr/local/lib/python3.12/logging/__init__.py", line 1168, in emit
    self.handleError(record)
  File "/usr/local/lib/python3.12/logging/__init__.py", line 1081, in handleError
    sys.stderr.write('--- Logging error ---\n')
  File "/home/airflow/.local/lib/python3.12/site-packages/airflow/utils/log/logging_mixin.py", line 202, in write
    self.flush()
  File "/home/airflow/.local/lib/python3.12/site-packages/airflow/utils/log/logging_mixin.py", line 209, in flush
    self._propagate_log(buf)
  File "/home/airflow/.local/lib/python3.12/site-packages/airflow/utils/log/logging_mixin.py", line 190, in _propagate_log
    self.logger.log(self.level, remove_escape_codes(message))
  File "/usr/local/lib/python3.12/logging/__init__.py", line 1609, in log
    self._log(level, msg, args, **kwargs)
  File "/usr/local/lib/python3.12/logging/__init__.py", line 1684, in _log
    self.handle(record)
  File "/usr/local/lib/python3.12/logging/__init__.py", line 1700, in handle
    self.callHandlers(record)
  File "/usr/local/lib/python3.12/logging/__init__.py", line 1762, in callHandlers
    hdlr.handle(record)
  File "/usr/local/lib/python3.12/logging/__init__.py", line 1028, in handle
    self.emit(record)
  File "/home/airflow/.local/lib/python3.12/site-packages/airflow/utils/log/file_processor_handler.py", line 76, in emit
    self.handler.emit(record)
  File "/usr/local/lib/python3.12/logging/__init__.py", line 1280, in emit
    StreamHandler.emit(self, record)
  File "/usr/local/lib/python3.12/logging/__init__.py", line 1168, in emit
    self.handleError(record)
  File "/usr/local/lib/python3.12/logging/__init__.py", line 1081, in handleError
    sys.stderr.write('--- Logging error ---\n')
  File "/home/airflow/.local/lib/python3.12/site-packages/airflow/utils/log/logging_mixin.py", line 202, in write
    self.flush()
  File "/home/airflow/.local/lib/python3.12/site-packages/airflow/utils/log/logging_mixin.py", line 209, in flush
    self._propagate_log(buf)
  File "/home/airflow/.local/lib/python3.12/site-packages/airflow/utils/log/logging_mixin.py", line 190, in _propagate_log
    self.logger.log(self.level, remove_escape_codes(message))
  File "/usr/local/lib/python3.12/logging/__init__.py", line 1609, in log
    self._log(level, msg, args, **kwargs)
  File "/usr/local/lib/python3.12/logging/__init__.py", line 1684, in _log
    self.handle(record)
  File "/usr/local/lib/python3.12/logging/__init__.py", line 1700, in handle
    self.callHandlers(record)
  File "/usr/local/lib/python3.12/logging/__init__.py", line 1762, in callHandlers
    hdlr.handle(record)
  File "/usr/local/lib/python3.12/logging/__init__.py", line 1028, in handle
    self.emit(record)
  File "/home/airflow/.local/lib/python3.12/site-packages/airflow/utils/log/file_processor_handler.py", line 76, in emit
    self.handler.emit(record)
  File "/usr/local/lib/python3.12/logging/__init__.py", line 1280, in emit
    StreamHandler.emit(self, record)
  File "/usr/local/lib/python3.12/logging/__init__.py", line 1168, in emit
    self.handleError(record)
  File "/usr/local/lib/python3.12/logging/__init__.py", line 1081, in handleError
    sys.stderr.write('--- Logging error ---\n')
  File "/home/airflow/.local/lib/python3.12/site-packages/airflow/utils/log/logging_mixin.py", line 202, in write
    self.flush()
  File "/home/airflow/.local/lib/python3.12/site-packages/airflow/utils/log/logging_mixin.py", line 209, in flush
    self._propagate_log(buf)
  File "/home/airflow/.local/lib/python3.12/site-packages/airflow/utils/log/logging_mixin.py", line 190, in _propagate_log
    self.logger.log(self.level, remove_escape_codes(message))
  File "/usr/local/lib/python3.12/logging/__init__.py", line 1609, in log
    self._log(level, msg, args, **kwargs)
  File "/usr/local/lib/python3.12/logging/__init__.py", line 1684, in _log
    self.handle(record)
  File "/usr/local/lib/python3.12/logging/__init__.py", line 1700, in handle
    self.callHandlers(record)
  File "/usr/local/lib/python3.12/logging/__init__.py", line 1762, in callHandlers
    hdlr.handle(record)
  File "/usr/local/lib/python3.12/logging/__init__.py", line 1028, in handle
    self.emit(record)
  File "/home/airflow/.local/lib/python3.12/site-packages/airflow/utils/log/file_processor_handler.py", line 76, in emit
    self.handler.emit(record)
  File "/usr/local/lib/python3.12/logging/__init__.py", line 1280, in emit
    StreamHandler.emit(self, record)
  File "/usr/local/lib/python3.12/logging/__init__.py", line 1168, in emit
    self.handleError(record)
  File "/usr/local/lib/python3.12/logging/__init__.py", line 1081, in handleError
    sys.stderr.write('--- Logging error ---\n')
  File "/home/airflow/.local/lib/python3.12/site-packages/airflow/utils/log/logging_mixin.py", line 202, in write
    self.flush()
  File "/home/airflow/.local/lib/python3.12/site-packages/airflow/utils/log/logging_mixin.py", line 209, in flush
    self._propagate_log(buf)
  File "/home/airflow/.local/lib/python3.12/site-packages/airflow/utils/log/logging_mixin.py", line 190, in _propagate_log
    self.logger.log(self.level, remove_escape_codes(message))
  File "/usr/local/lib/python3.12/logging/__init__.py", line 1609, in log
    self._log(level, msg, args, **kwargs)
  File "/usr/local/lib/python3.12/logging/__init__.py", line 1684, in _log
    self.handle(record)
  File "/usr/local/lib/python3.12/logging/__init__.py", line 1700, in handle
    self.callHandlers(record)
  File "/usr/local/lib/python3.12/logging/__init__.py", line 1762, in callHandlers
    hdlr.handle(record)
  File "/usr/local/lib/python3.12/logging/__init__.py", line 1028, in handle
    self.emit(record)
  File "/home/airflow/.local/lib/python3.12/site-packages/airflow/utils/log/file_processor_handler.py", line 76, in emit
    self.handler.emit(record)
  File "/usr/local/lib/python3.12/logging/__init__.py", line 1280, in emit
    StreamHandler.emit(self, record)
  File "/usr/local/lib/python3.12/logging/__init__.py", line 1168, in emit
    self.handleError(record)
  File "/usr/local/lib/python3.12/logging/__init__.py", line 1081, in handleError
    sys.stderr.write('--- Logging error ---\n')
  File "/home/airflow/.local/lib/python3.12/site-packages/airflow/utils/log/logging_mixin.py", line 202, in write
    self.flush()
  File "/home/airflow/.local/lib/python3.12/site-packages/airflow/utils/log/logging_mixin.py", line 209, in flush
    self._propagate_log(buf)
  File "/home/airflow/.local/lib/python3.12/site-packages/airflow/utils/log/logging_mixin.py", line 190, in _propagate_log
    self.logger.log(self.level, remove_escape_codes(message))
  File "/usr/local/lib/python3.12/logging/__init__.py", line 1609, in log
    self._log(level, msg, args, **kwargs)
  File "/usr/local/lib/python3.12/logging/__init__.py", line 1684, in _log
    self.handle(record)
  File "/usr/local/lib/python3.12/logging/__init__.py", line 1700, in handle
    self.callHandlers(record)
  File "/usr/local/lib/python3.12/logging/__init__.py", line 1762, in callHandlers
    hdlr.handle(record)
  File "/usr/local/lib/python3.12/logging/__init__.py", line 1028, in handle
    self.emit(record)
  File "/home/airflow/.local/lib/python3.12/site-packages/airflow/utils/log/file_processor_handler.py", line 76, in emit
    self.handler.emit(record)
  File "/usr/local/lib/python3.12/logging/__init__.py", line 1280, in emit
    StreamHandler.emit(self, record)
  File "/usr/local/lib/python3.12/logging/__init__.py", line 1168, in emit
    self.handleError(record)
  File "/usr/local/lib/python3.12/logging/__init__.py", line 1081, in handleError
    sys.stderr.write('--- Logging error ---\n')
  File "/home/airflow/.local/lib/python3.12/site-packages/airflow/utils/log/logging_mixin.py", line 202, in write
    self.flush()
  File "/home/airflow/.local/lib/python3.12/site-packages/airflow/utils/log/logging_mixin.py", line 209, in flush
    self._propagate_log(buf)
  File "/home/airflow/.local/lib/python3.12/site-packages/airflow/utils/log/logging_mixin.py", line 190, in _propagate_log
    self.logger.log(self.level, remove_escape_codes(message))
  File "/usr/local/lib/python3.12/logging/__init__.py", line 1609, in log
    self._log(level, msg, args, **kwargs)
  File "/usr/local/lib/python3.12/logging/__init__.py", line 1684, in _log
    self.handle(record)
  File "/usr/local/lib/python3.12/logging/__init__.py", line 1700, in handle
    self.callHandlers(record)
  File "/usr/local/lib/python3.12/logging/__init__.py", line 1762, in callHandlers
    hdlr.handle(record)
  File "/usr/local/lib/python3.12/logging/__init__.py", line 1028, in handle
    self.emit(record)
  File "/home/airflow/.local/lib/python3.12/site-packages/airflow/utils/log/file_processor_handler.py", line 76, in emit
    self.handler.emit(record)
  File "/usr/local/lib/python3.12/logging/__init__.py", line 1280, in emit
    StreamHandler.emit(self, record)
  File "/usr/local/lib/python3.12/logging/__init__.py", line 1168, in emit
    self.handleError(record)
  File "/usr/local/lib/python3.12/logging/__init__.py", line 1081, in handleError
    sys.stderr.write('--- Logging error ---\n')
  File "/home/airflow/.local/lib/python3.12/site-packages/airflow/utils/log/logging_mixin.py", line 202, in write
    self.flush()
  File "/home/airflow/.local/lib/python3.12/site-packages/airflow/utils/log/logging_mixin.py", line 209, in flush
    self._propagate_log(buf)
  File "/home/airflow/.local/lib/python3.12/site-packages/airflow/utils/log/logging_mixin.py", line 190, in _propagate_log
    self.logger.log(self.level, remove_escape_codes(message))
  File "/usr/local/lib/python3.12/logging/__init__.py", line 1609, in log
    self._log(level, msg, args, **kwargs)
  File "/usr/local/lib/python3.12/logging/__init__.py", line 1684, in _log
    self.handle(record)
  File "/usr/local/lib/python3.12/logging/__init__.py", line 1700, in handle
    self.callHandlers(record)
  File "/usr/local/lib/python3.12/logging/__init__.py", line 1762, in callHandlers
    hdlr.handle(record)
  File "/usr/local/lib/python3.12/logging/__init__.py", line 1028, in handle
    self.emit(record)
  File "/home/airflow/.local/lib/python3.12/site-packages/airflow/utils/log/file_processor_handler.py", line 76, in emit
    self.handler.emit(record)
  File "/usr/local/lib/python3.12/logging/__init__.py", line 1280, in emit
    StreamHandler.emit(self, record)
  File "/usr/local/lib/python3.12/logging/__init__.py", line 1168, in emit
    self.handleError(record)
  File "/usr/local/lib/python3.12/logging/__init__.py", line 1081, in handleError
    sys.stderr.write('--- Logging error ---\n')
  File "/home/airflow/.local/lib/python3.12/site-packages/airflow/utils/log/logging_mixin.py", line 202, in write
    self.flush()
  File "/home/airflow/.local/lib/python3.12/site-packages/airflow/utils/log/logging_mixin.py", line 209, in flush
    self._propagate_log(buf)
  File "/home/airflow/.local/lib/python3.12/site-packages/airflow/utils/log/logging_mixin.py", line 190, in _propagate_log
    self.logger.log(self.level, remove_escape_codes(message))
  File "/usr/local/lib/python3.12/logging/__init__.py", line 1609, in log
    self._log(level, msg, args, **kwargs)
  File "/usr/local/lib/python3.12/logging/__init__.py", line 1684, in _log
    self.handle(record)
  File "/usr/local/lib/python3.12/logging/__init__.py", line 1700, in handle
    self.callHandlers(record)
  File "/usr/local/lib/python3.12/logging/__init__.py", line 1762, in callHandlers
    hdlr.handle(record)
  File "/usr/local/lib/python3.12/logging/__init__.py", line 1028, in handle
    self.emit(record)
  File "/home/airflow/.local/lib/python3.12/site-packages/airflow/utils/log/file_processor_handler.py", line 76, in emit
    self.handler.emit(record)
  File "/usr/local/lib/python3.12/logging/__init__.py", line 1280, in emit
    StreamHandler.emit(self, record)
  File "/usr/local/lib/python3.12/logging/__init__.py", line 1168, in emit
    self.handleError(record)
  File "/usr/local/lib/python3.12/logging/__init__.py", line 1081, in handleError
    sys.stderr.write('--- Logging error ---\n')
  File "/home/airflow/.local/lib/python3.12/site-packages/airflow/utils/log/logging_mixin.py", line 202, in write
    self.flush()
  File "/home/airflow/.local/lib/python3.12/site-packages/airflow/utils/log/logging_mixin.py", line 209, in flush
    self._propagate_log(buf)
  File "/home/airflow/.local/lib/python3.12/site-packages/airflow/utils/log/logging_mixin.py", line 190, in _propagate_log
    self.logger.log(self.level, remove_escape_codes(message))
  File "/usr/local/lib/python3.12/logging/__init__.py", line 1609, in log
    self._log(level, msg, args, **kwargs)
  File "/usr/local/lib/python3.12/logging/__init__.py", line 1684, in _log
    self.handle(record)
  File "/usr/local/lib/python3.12/logging/__init__.py", line 1700, in handle
    self.callHandlers(record)
  File "/usr/local/lib/python3.12/logging/__init__.py", line 1762, in callHandlers
    hdlr.handle(record)
  File "/usr/local/lib/python3.12/logging/__init__.py", line 1028, in handle
    self.emit(record)
  File "/home/airflow/.local/lib/python3.12/site-packages/airflow/utils/log/file_processor_handler.py", line 76, in emit
    self.handler.emit(record)
  File "/usr/local/lib/python3.12/logging/__init__.py", line 1280, in emit
    StreamHandler.emit(self, record)
  File "/usr/local/lib/python3.12/logging/__init__.py", line 1168, in emit
    self.handleError(record)
  File "/usr/local/lib/python3.12/logging/__init__.py", line 1081, in handleError
    sys.stderr.write('--- Logging error ---\n')
  File "/home/airflow/.local/lib/python3.12/site-packages/airflow/utils/log/logging_mixin.py", line 202, in write
    self.flush()
  File "/home/airflow/.local/lib/python3.12/site-packages/airflow/utils/log/logging_mixin.py", line 209, in flush
    self._propagate_log(buf)
  File "/home/airflow/.local/lib/python3.12/site-packages/airflow/utils/log/logging_mixin.py", line 190, in _propagate_log
    self.logger.log(self.level, remove_escape_codes(message))
  File "/usr/local/lib/python3.12/logging/__init__.py", line 1609, in log
    self._log(level, msg, args, **kwargs)
  File "/usr/local/lib/python3.12/logging/__init__.py", line 1684, in _log
    self.handle(record)
  File "/usr/local/lib/python3.12/logging/__init__.py", line 1700, in handle
    self.callHandlers(record)
  File "/usr/local/lib/python3.12/logging/__init__.py", line 1762, in callHandlers
    hdlr.handle(record)
  File "/usr/local/lib/python3.12/logging/__init__.py", line 1028, in handle
    self.emit(record)
  File "/home/airflow/.local/lib/python3.12/site-packages/airflow/utils/log/file_processor_handler.py", line 76, in emit
    self.handler.emit(record)
  File "/usr/local/lib/python3.12/logging/__init__.py", line 1280, in emit
    StreamHandler.emit(self, record)
  File "/usr/local/lib/python3.12/logging/__init__.py", line 1168, in emit
    self.handleError(record)
  File "/usr/local/lib/python3.12/logging/__init__.py", line 1081, in handleError
    sys.stderr.write('--- Logging error ---\n')
  File "/home/airflow/.local/lib/python3.12/site-packages/airflow/utils/log/logging_mixin.py", line 202, in write
    self.flush()
  File "/home/airflow/.local/lib/python3.12/site-packages/airflow/utils/log/logging_mixin.py", line 209, in flush
    self._propagate_log(buf)
  File "/home/airflow/.local/lib/python3.12/site-packages/airflow/utils/log/logging_mixin.py", line 190, in _propagate_log
    self.logger.log(self.level, remove_escape_codes(message))
  File "/usr/local/lib/python3.12/logging/__init__.py", line 1609, in log
    self._log(level, msg, args, **kwargs)
  File "/usr/local/lib/python3.12/logging/__init__.py", line 1684, in _log
    self.handle(record)
  File "/usr/local/lib/python3.12/logging/__init__.py", line 1700, in handle
    self.callHandlers(record)
  File "/usr/local/lib/python3.12/logging/__init__.py", line 1762, in callHandlers
    hdlr.handle(record)
  File "/usr/local/lib/python3.12/logging/__init__.py", line 1028, in handle
    self.emit(record)
  File "/home/airflow/.local/lib/python3.12/site-packages/airflow/utils/log/file_processor_handler.py", line 76, in emit
    self.handler.emit(record)
  File "/usr/local/lib/python3.12/logging/__init__.py", line 1280, in emit
    StreamHandler.emit(self, record)
  File "/usr/local/lib/python3.12/logging/__init__.py", line 1168, in emit
    self.handleError(record)
  File "/usr/local/lib/python3.12/logging/__init__.py", line 1081, in handleError
    sys.stderr.write('--- Logging error ---\n')
  File "/home/airflow/.local/lib/python3.12/site-packages/airflow/utils/log/logging_mixin.py", line 202, in write
    self.flush()
  File "/home/airflow/.local/lib/python3.12/site-packages/airflow/utils/log/logging_mixin.py", line 209, in flush
    self._propagate_log(buf)
  File "/home/airflow/.local/lib/python3.12/site-packages/airflow/utils/log/logging_mixin.py", line 190, in _propagate_log
    self.logger.log(self.level, remove_escape_codes(message))
  File "/usr/local/lib/python3.12/logging/__init__.py", line 1609, in log
    self._log(level, msg, args, **kwargs)
  File "/usr/local/lib/python3.12/logging/__init__.py", line 1684, in _log
    self.handle(record)
  File "/usr/local/lib/python3.12/logging/__init__.py", line 1700, in handle
    self.callHandlers(record)
  File "/usr/local/lib/python3.12/logging/__init__.py", line 1762, in callHandlers
    hdlr.handle(record)
  File "/usr/local/lib/python3.12/logging/__init__.py", line 1028, in handle
    self.emit(record)
  File "/home/airflow/.local/lib/python3.12/site-packages/airflow/utils/log/file_processor_handler.py", line 76, in emit
    self.handler.emit(record)
  File "/usr/local/lib/python3.12/logging/__init__.py", line 1280, in emit
    StreamHandler.emit(self, record)
  File "/usr/local/lib/python3.12/logging/__init__.py", line 1168, in emit
    self.handleError(record)
  File "/usr/local/lib/python3.12/logging/__init__.py", line 1081, in handleError
    sys.stderr.write('--- Logging error ---\n')
  File "/home/airflow/.local/lib/python3.12/site-packages/airflow/utils/log/logging_mixin.py", line 202, in write
    self.flush()
  File "/home/airflow/.local/lib/python3.12/site-packages/airflow/utils/log/logging_mixin.py", line 209, in flush
    self._propagate_log(buf)
  File "/home/airflow/.local/lib/python3.12/site-packages/airflow/utils/log/logging_mixin.py", line 190, in _propagate_log
    self.logger.log(self.level, remove_escape_codes(message))
  File "/usr/local/lib/python3.12/logging/__init__.py", line 1609, in log
    self._log(level, msg, args, **kwargs)
  File "/usr/local/lib/python3.12/logging/__init__.py", line 1684, in _log
    self.handle(record)
  File "/usr/local/lib/python3.12/logging/__init__.py", line 1700, in handle
    self.callHandlers(record)
  File "/usr/local/lib/python3.12/logging/__init__.py", line 1762, in callHandlers
    hdlr.handle(record)
  File "/usr/local/lib/python3.12/logging/__init__.py", line 1028, in handle
    self.emit(record)
  File "/home/airflow/.local/lib/python3.12/site-packages/airflow/utils/log/file_processor_handler.py", line 76, in emit
    self.handler.emit(record)
  File "/usr/local/lib/python3.12/logging/__init__.py", line 1280, in emit
    StreamHandler.emit(self, record)
  File "/usr/local/lib/python3.12/logging/__init__.py", line 1168, in emit
    self.handleError(record)
  File "/usr/local/lib/python3.12/logging/__init__.py", line 1081, in handleError
    sys.stderr.write('--- Logging error ---\n')
  File "/home/airflow/.local/lib/python3.12/site-packages/airflow/utils/log/logging_mixin.py", line 202, in write
    self.flush()
  File "/home/airflow/.local/lib/python3.12/site-packages/airflow/utils/log/logging_mixin.py", line 209, in flush
    self._propagate_log(buf)
  File "/home/airflow/.local/lib/python3.12/site-packages/airflow/utils/log/logging_mixin.py", line 190, in _propagate_log
    self.logger.log(self.level, remove_escape_codes(message))
  File "/usr/local/lib/python3.12/logging/__init__.py", line 1609, in log
    self._log(level, msg, args, **kwargs)
  File "/usr/local/lib/python3.12/logging/__init__.py", line 1684, in _log
    self.handle(record)
  File "/usr/local/lib/python3.12/logging/__init__.py", line 1700, in handle
    self.callHandlers(record)
  File "/usr/local/lib/python3.12/logging/__init__.py", line 1762, in callHandlers
    hdlr.handle(record)
  File "/usr/local/lib/python3.12/logging/__init__.py", line 1028, in handle
    self.emit(record)
  File "/home/airflow/.local/lib/python3.12/site-packages/airflow/utils/log/file_processor_handler.py", line 76, in emit
    self.handler.emit(record)
  File "/usr/local/lib/python3.12/logging/__init__.py", line 1280, in emit
    StreamHandler.emit(self, record)
  File "/usr/local/lib/python3.12/logging/__init__.py", line 1168, in emit
    self.handleError(record)
  File "/usr/local/lib/python3.12/logging/__init__.py", line 1081, in handleError
    sys.stderr.write('--- Logging error ---\n')
  File "/home/airflow/.local/lib/python3.12/site-packages/airflow/utils/log/logging_mixin.py", line 202, in write
    self.flush()
  File "/home/airflow/.local/lib/python3.12/site-packages/airflow/utils/log/logging_mixin.py", line 209, in flush
    self._propagate_log(buf)
  File "/home/airflow/.local/lib/python3.12/site-packages/airflow/utils/log/logging_mixin.py", line 190, in _propagate_log
    self.logger.log(self.level, remove_escape_codes(message))
  File "/usr/local/lib/python3.12/logging/__init__.py", line 1609, in log
    self._log(level, msg, args, **kwargs)
  File "/usr/local/lib/python3.12/logging/__init__.py", line 1684, in _log
    self.handle(record)
  File "/usr/local/lib/python3.12/logging/__init__.py", line 1700, in handle
    self.callHandlers(record)
  File "/usr/local/lib/python3.12/logging/__init__.py", line 1762, in callHandlers
    hdlr.handle(record)
  File "/usr/local/lib/python3.12/logging/__init__.py", line 1028, in handle
    self.emit(record)
  File "/home/airflow/.local/lib/python3.12/site-packages/airflow/utils/log/file_processor_handler.py", line 76, in emit
    self.handler.emit(record)
  File "/usr/local/lib/python3.12/logging/__init__.py", line 1280, in emit
    StreamHandler.emit(self, record)
  File "/usr/local/lib/python3.12/logging/__init__.py", line 1168, in emit
    self.handleError(record)
  File "/usr/local/lib/python3.12/logging/__init__.py", line 1081, in handleError
    sys.stderr.write('--- Logging error ---\n')
  File "/home/airflow/.local/lib/python3.12/site-packages/airflow/utils/log/logging_mixin.py", line 202, in write
    self.flush()
  File "/home/airflow/.local/lib/python3.12/site-packages/airflow/utils/log/logging_mixin.py", line 209, in flush
    self._propagate_log(buf)
  File "/home/airflow/.local/lib/python3.12/site-packages/airflow/utils/log/logging_mixin.py", line 190, in _propagate_log
    self.logger.log(self.level, remove_escape_codes(message))
  File "/usr/local/lib/python3.12/logging/__init__.py", line 1609, in log
    self._log(level, msg, args, **kwargs)
  File "/usr/local/lib/python3.12/logging/__init__.py", line 1684, in _log
    self.handle(record)
  File "/usr/local/lib/python3.12/logging/__init__.py", line 1700, in handle
    self.callHandlers(record)
  File "/usr/local/lib/python3.12/logging/__init__.py", line 1762, in callHandlers
    hdlr.handle(record)
  File "/usr/local/lib/python3.12/logging/__init__.py", line 1028, in handle
    self.emit(record)
  File "/home/airflow/.local/lib/python3.12/site-packages/airflow/utils/log/file_processor_handler.py", line 76, in emit
    self.handler.emit(record)
  File "/usr/local/lib/python3.12/logging/__init__.py", line 1280, in emit
    StreamHandler.emit(self, record)
  File "/usr/local/lib/python3.12/logging/__init__.py", line 1168, in emit
    self.handleError(record)
  File "/usr/local/lib/python3.12/logging/__init__.py", line 1081, in handleError
    sys.stderr.write('--- Logging error ---\n')
  File "/home/airflow/.local/lib/python3.12/site-packages/airflow/utils/log/logging_mixin.py", line 202, in write
    self.flush()
  File "/home/airflow/.local/lib/python3.12/site-packages/airflow/utils/log/logging_mixin.py", line 209, in flush
    self._propagate_log(buf)
  File "/home/airflow/.local/lib/python3.12/site-packages/airflow/utils/log/logging_mixin.py", line 190, in _propagate_log
    self.logger.log(self.level, remove_escape_codes(message))
  File "/usr/local/lib/python3.12/logging/__init__.py", line 1609, in log
    self._log(level, msg, args, **kwargs)
  File "/usr/local/lib/python3.12/logging/__init__.py", line 1684, in _log
    self.handle(record)
  File "/usr/local/lib/python3.12/logging/__init__.py", line 1700, in handle
    self.callHandlers(record)
  File "/usr/local/lib/python3.12/logging/__init__.py", line 1762, in callHandlers
    hdlr.handle(record)
  File "/usr/local/lib/python3.12/logging/__init__.py", line 1028, in handle
    self.emit(record)
  File "/home/airflow/.local/lib/python3.12/site-packages/airflow/utils/log/file_processor_handler.py", line 76, in emit
    self.handler.emit(record)
  File "/usr/local/lib/python3.12/logging/__init__.py", line 1280, in emit
    StreamHandler.emit(self, record)
  File "/usr/local/lib/python3.12/logging/__init__.py", line 1168, in emit
    self.handleError(record)
  File "/usr/local/lib/python3.12/logging/__init__.py", line 1081, in handleError
    sys.stderr.write('--- Logging error ---\n')
  File "/home/airflow/.local/lib/python3.12/site-packages/airflow/utils/log/logging_mixin.py", line 202, in write
    self.flush()
  File "/home/airflow/.local/lib/python3.12/site-packages/airflow/utils/log/logging_mixin.py", line 209, in flush
    self._propagate_log(buf)
  File "/home/airflow/.local/lib/python3.12/site-packages/airflow/utils/log/logging_mixin.py", line 190, in _propagate_log
    self.logger.log(self.level, remove_escape_codes(message))
  File "/usr/local/lib/python3.12/logging/__init__.py", line 1609, in log
    self._log(level, msg, args, **kwargs)
  File "/usr/local/lib/python3.12/logging/__init__.py", line 1684, in _log
    self.handle(record)
  File "/usr/local/lib/python3.12/logging/__init__.py", line 1700, in handle
    self.callHandlers(record)
  File "/usr/local/lib/python3.12/logging/__init__.py", line 1762, in callHandlers
    hdlr.handle(record)
  File "/usr/local/lib/python3.12/logging/__init__.py", line 1028, in handle
    self.emit(record)
  File "/home/airflow/.local/lib/python3.12/site-packages/airflow/utils/log/file_processor_handler.py", line 76, in emit
    self.handler.emit(record)
  File "/usr/local/lib/python3.12/logging/__init__.py", line 1280, in emit
    StreamHandler.emit(self, record)
  File "/usr/local/lib/python3.12/logging/__init__.py", line 1168, in emit
    self.handleError(record)
  File "/usr/local/lib/python3.12/logging/__init__.py", line 1081, in handleError
    sys.stderr.write('--- Logging error ---\n')
  File "/home/airflow/.local/lib/python3.12/site-packages/airflow/utils/log/logging_mixin.py", line 202, in write
    self.flush()
  File "/home/airflow/.local/lib/python3.12/site-packages/airflow/utils/log/logging_mixin.py", line 209, in flush
    self._propagate_log(buf)
  File "/home/airflow/.local/lib/python3.12/site-packages/airflow/utils/log/logging_mixin.py", line 190, in _propagate_log
    self.logger.log(self.level, remove_escape_codes(message))
  File "/usr/local/lib/python3.12/logging/__init__.py", line 1609, in log
    self._log(level, msg, args, **kwargs)
  File "/usr/local/lib/python3.12/logging/__init__.py", line 1684, in _log
    self.handle(record)
  File "/usr/local/lib/python3.12/logging/__init__.py", line 1700, in handle
    self.callHandlers(record)
  File "/usr/local/lib/python3.12/logging/__init__.py", line 1762, in callHandlers
    hdlr.handle(record)
  File "/usr/local/lib/python3.12/logging/__init__.py", line 1028, in handle
    self.emit(record)
  File "/home/airflow/.local/lib/python3.12/site-packages/airflow/utils/log/file_processor_handler.py", line 76, in emit
    self.handler.emit(record)
  File "/usr/local/lib/python3.12/logging/__init__.py", line 1280, in emit
    StreamHandler.emit(self, record)
  File "/usr/local/lib/python3.12/logging/__init__.py", line 1168, in emit
    self.handleError(record)
  File "/usr/local/lib/python3.12/logging/__init__.py", line 1081, in handleError
    sys.stderr.write('--- Logging error ---\n')
  File "/home/airflow/.local/lib/python3.12/site-packages/airflow/utils/log/logging_mixin.py", line 202, in write
    self.flush()
  File "/home/airflow/.local/lib/python3.12/site-packages/airflow/utils/log/logging_mixin.py", line 209, in flush
    self._propagate_log(buf)
  File "/home/airflow/.local/lib/python3.12/site-packages/airflow/utils/log/logging_mixin.py", line 190, in _propagate_log
    self.logger.log(self.level, remove_escape_codes(message))
  File "/usr/local/lib/python3.12/logging/__init__.py", line 1609, in log
    self._log(level, msg, args, **kwargs)
  File "/usr/local/lib/python3.12/logging/__init__.py", line 1684, in _log
    self.handle(record)
  File "/usr/local/lib/python3.12/logging/__init__.py", line 1700, in handle
    self.callHandlers(record)
  File "/usr/local/lib/python3.12/logging/__init__.py", line 1762, in callHandlers
    hdlr.handle(record)
  File "/usr/local/lib/python3.12/logging/__init__.py", line 1028, in handle
    self.emit(record)
  File "/home/airflow/.local/lib/python3.12/site-packages/airflow/utils/log/file_processor_handler.py", line 76, in emit
    self.handler.emit(record)
  File "/usr/local/lib/python3.12/logging/__init__.py", line 1280, in emit
    StreamHandler.emit(self, record)
  File "/usr/local/lib/python3.12/logging/__init__.py", line 1168, in emit
    self.handleError(record)
  File "/usr/local/lib/python3.12/logging/__init__.py", line 1081, in handleError
    sys.stderr.write('--- Logging error ---\n')
  File "/home/airflow/.local/lib/python3.12/site-packages/airflow/utils/log/logging_mixin.py", line 202, in write
    self.flush()
  File "/home/airflow/.local/lib/python3.12/site-packages/airflow/utils/log/logging_mixin.py", line 209, in flush
    self._propagate_log(buf)
  File "/home/airflow/.local/lib/python3.12/site-packages/airflow/utils/log/logging_mixin.py", line 190, in _propagate_log
    self.logger.log(self.level, remove_escape_codes(message))
  File "/usr/local/lib/python3.12/logging/__init__.py", line 1609, in log
    self._log(level, msg, args, **kwargs)
  File "/usr/local/lib/python3.12/logging/__init__.py", line 1684, in _log
    self.handle(record)
  File "/usr/local/lib/python3.12/logging/__init__.py", line 1700, in handle
    self.callHandlers(record)
  File "/usr/local/lib/python3.12/logging/__init__.py", line 1762, in callHandlers
    hdlr.handle(record)
  File "/usr/local/lib/python3.12/logging/__init__.py", line 1028, in handle
    self.emit(record)
  File "/home/airflow/.local/lib/python3.12/site-packages/airflow/utils/log/file_processor_handler.py", line 76, in emit
    self.handler.emit(record)
  File "/usr/local/lib/python3.12/logging/__init__.py", line 1280, in emit
    StreamHandler.emit(self, record)
  File "/usr/local/lib/python3.12/logging/__init__.py", line 1168, in emit
    self.handleError(record)
  File "/usr/local/lib/python3.12/logging/__init__.py", line 1081, in handleError
    sys.stderr.write('--- Logging error ---\n')
  File "/home/airflow/.local/lib/python3.12/site-packages/airflow/utils/log/logging_mixin.py", line 202, in write
    self.flush()
  File "/home/airflow/.local/lib/python3.12/site-packages/airflow/utils/log/logging_mixin.py", line 209, in flush
    self._propagate_log(buf)
  File "/home/airflow/.local/lib/python3.12/site-packages/airflow/utils/log/logging_mixin.py", line 190, in _propagate_log
    self.logger.log(self.level, remove_escape_codes(message))
  File "/usr/local/lib/python3.12/logging/__init__.py", line 1609, in log
    self._log(level, msg, args, **kwargs)
  File "/usr/local/lib/python3.12/logging/__init__.py", line 1684, in _log
    self.handle(record)
  File "/usr/local/lib/python3.12/logging/__init__.py", line 1700, in handle
    self.callHandlers(record)
  File "/usr/local/lib/python3.12/logging/__init__.py", line 1762, in callHandlers
    hdlr.handle(record)
  File "/usr/local/lib/python3.12/logging/__init__.py", line 1028, in handle
    self.emit(record)
  File "/home/airflow/.local/lib/python3.12/site-packages/airflow/utils/log/file_processor_handler.py", line 76, in emit
    self.handler.emit(record)
  File "/usr/local/lib/python3.12/logging/__init__.py", line 1280, in emit
    StreamHandler.emit(self, record)
  File "/usr/local/lib/python3.12/logging/__init__.py", line 1168, in emit
    self.handleError(record)
  File "/usr/local/lib/python3.12/logging/__init__.py", line 1081, in handleError
    sys.stderr.write('--- Logging error ---\n')
  File "/home/airflow/.local/lib/python3.12/site-packages/airflow/utils/log/logging_mixin.py", line 202, in write
    self.flush()
  File "/home/airflow/.local/lib/python3.12/site-packages/airflow/utils/log/logging_mixin.py", line 209, in flush
    self._propagate_log(buf)
  File "/home/airflow/.local/lib/python3.12/site-packages/airflow/utils/log/logging_mixin.py", line 190, in _propagate_log
    self.logger.log(self.level, remove_escape_codes(message))
  File "/usr/local/lib/python3.12/logging/__init__.py", line 1609, in log
    self._log(level, msg, args, **kwargs)
  File "/usr/local/lib/python3.12/logging/__init__.py", line 1684, in _log
    self.handle(record)
  File "/usr/local/lib/python3.12/logging/__init__.py", line 1700, in handle
    self.callHandlers(record)
  File "/usr/local/lib/python3.12/logging/__init__.py", line 1762, in callHandlers
    hdlr.handle(record)
  File "/usr/local/lib/python3.12/logging/__init__.py", line 1028, in handle
    self.emit(record)
  File "/home/airflow/.local/lib/python3.12/site-packages/airflow/utils/log/file_processor_handler.py", line 76, in emit
    self.handler.emit(record)
  File "/usr/local/lib/python3.12/logging/__init__.py", line 1280, in emit
    StreamHandler.emit(self, record)
  File "/usr/local/lib/python3.12/logging/__init__.py", line 1168, in emit
    self.handleError(record)
  File "/usr/local/lib/python3.12/logging/__init__.py", line 1081, in handleError
    sys.stderr.write('--- Logging error ---\n')
  File "/home/airflow/.local/lib/python3.12/site-packages/airflow/utils/log/logging_mixin.py", line 202, in write
    self.flush()
  File "/home/airflow/.local/lib/python3.12/site-packages/airflow/utils/log/logging_mixin.py", line 209, in flush
    self._propagate_log(buf)
  File "/home/airflow/.local/lib/python3.12/site-packages/airflow/utils/log/logging_mixin.py", line 190, in _propagate_log
    self.logger.log(self.level, remove_escape_codes(message))
  File "/usr/local/lib/python3.12/logging/__init__.py", line 1609, in log
    self._log(level, msg, args, **kwargs)
  File "/usr/local/lib/python3.12/logging/__init__.py", line 1684, in _log
    self.handle(record)
  File "/usr/local/lib/python3.12/logging/__init__.py", line 1700, in handle
    self.callHandlers(record)
  File "/usr/local/lib/python3.12/logging/__init__.py", line 1762, in callHandlers
    hdlr.handle(record)
  File "/usr/local/lib/python3.12/logging/__init__.py", line 1028, in handle
    self.emit(record)
  File "/home/airflow/.local/lib/python3.12/site-packages/airflow/utils/log/file_processor_handler.py", line 76, in emit
    self.handler.emit(record)
  File "/usr/local/lib/python3.12/logging/__init__.py", line 1280, in emit
    StreamHandler.emit(self, record)
  File "/usr/local/lib/python3.12/logging/__init__.py", line 1168, in emit
    self.handleError(record)
  File "/usr/local/lib/python3.12/logging/__init__.py", line 1081, in handleError
    sys.stderr.write('--- Logging error ---\n')
  File "/home/airflow/.local/lib/python3.12/site-packages/airflow/utils/log/logging_mixin.py", line 202, in write
    self.flush()
  File "/home/airflow/.local/lib/python3.12/site-packages/airflow/utils/log/logging_mixin.py", line 209, in flush
    self._propagate_log(buf)
  File "/home/airflow/.local/lib/python3.12/site-packages/airflow/utils/log/logging_mixin.py", line 190, in _propagate_log
    self.logger.log(self.level, remove_escape_codes(message))
  File "/usr/local/lib/python3.12/logging/__init__.py", line 1609, in log
    self._log(level, msg, args, **kwargs)
  File "/usr/local/lib/python3.12/logging/__init__.py", line 1684, in _log
    self.handle(record)
  File "/usr/local/lib/python3.12/logging/__init__.py", line 1700, in handle
    self.callHandlers(record)
  File "/usr/local/lib/python3.12/logging/__init__.py", line 1762, in callHandlers
    hdlr.handle(record)
  File "/usr/local/lib/python3.12/logging/__init__.py", line 1028, in handle
    self.emit(record)
  File "/home/airflow/.local/lib/python3.12/site-packages/airflow/utils/log/file_processor_handler.py", line 76, in emit
    self.handler.emit(record)
  File "/usr/local/lib/python3.12/logging/__init__.py", line 1280, in emit
    StreamHandler.emit(self, record)
  File "/usr/local/lib/python3.12/logging/__init__.py", line 1168, in emit
    self.handleError(record)
  File "/usr/local/lib/python3.12/logging/__init__.py", line 1081, in handleError
    sys.stderr.write('--- Logging error ---\n')
  File "/home/airflow/.local/lib/python3.12/site-packages/airflow/utils/log/logging_mixin.py", line 202, in write
    self.flush()
  File "/home/airflow/.local/lib/python3.12/site-packages/airflow/utils/log/logging_mixin.py", line 209, in flush
    self._propagate_log(buf)
  File "/home/airflow/.local/lib/python3.12/site-packages/airflow/utils/log/logging_mixin.py", line 190, in _propagate_log
    self.logger.log(self.level, remove_escape_codes(message))
  File "/usr/local/lib/python3.12/logging/__init__.py", line 1609, in log
    self._log(level, msg, args, **kwargs)
  File "/usr/local/lib/python3.12/logging/__init__.py", line 1684, in _log
    self.handle(record)
  File "/usr/local/lib/python3.12/logging/__init__.py", line 1700, in handle
    self.callHandlers(record)
  File "/usr/local/lib/python3.12/logging/__init__.py", line 1762, in callHandlers
    hdlr.handle(record)
  File "/usr/local/lib/python3.12/logging/__init__.py", line 1028, in handle
    self.emit(record)
  File "/home/airflow/.local/lib/python3.12/site-packages/airflow/utils/log/file_processor_handler.py", line 76, in emit
    self.handler.emit(record)
  File "/usr/local/lib/python3.12/logging/__init__.py", line 1280, in emit
    StreamHandler.emit(self, record)
  File "/usr/local/lib/python3.12/logging/__init__.py", line 1168, in emit
    self.handleError(record)
  File "/usr/local/lib/python3.12/logging/__init__.py", line 1081, in handleError
    sys.stderr.write('--- Logging error ---\n')
  File "/home/airflow/.local/lib/python3.12/site-packages/airflow/utils/log/logging_mixin.py", line 202, in write
    self.flush()
  File "/home/airflow/.local/lib/python3.12/site-packages/airflow/utils/log/logging_mixin.py", line 209, in flush
    self._propagate_log(buf)
  File "/home/airflow/.local/lib/python3.12/site-packages/airflow/utils/log/logging_mixin.py", line 190, in _propagate_log
    self.logger.log(self.level, remove_escape_codes(message))
  File "/usr/local/lib/python3.12/logging/__init__.py", line 1609, in log
    self._log(level, msg, args, **kwargs)
  File "/usr/local/lib/python3.12/logging/__init__.py", line 1684, in _log
    self.handle(record)
  File "/usr/local/lib/python3.12/logging/__init__.py", line 1700, in handle
    self.callHandlers(record)
  File "/usr/local/lib/python3.12/logging/__init__.py", line 1762, in callHandlers
    hdlr.handle(record)
  File "/usr/local/lib/python3.12/logging/__init__.py", line 1028, in handle
    self.emit(record)
  File "/home/airflow/.local/lib/python3.12/site-packages/airflow/utils/log/file_processor_handler.py", line 76, in emit
    self.handler.emit(record)
  File "/usr/local/lib/python3.12/logging/__init__.py", line 1280, in emit
    StreamHandler.emit(self, record)
  File "/usr/local/lib/python3.12/logging/__init__.py", line 1168, in emit
    self.handleError(record)
  File "/usr/local/lib/python3.12/logging/__init__.py", line 1081, in handleError
    sys.stderr.write('--- Logging error ---\n')
  File "/home/airflow/.local/lib/python3.12/site-packages/airflow/utils/log/logging_mixin.py", line 202, in write
    self.flush()
  File "/home/airflow/.local/lib/python3.12/site-packages/airflow/utils/log/logging_mixin.py", line 209, in flush
    self._propagate_log(buf)
  File "/home/airflow/.local/lib/python3.12/site-packages/airflow/utils/log/logging_mixin.py", line 190, in _propagate_log
    self.logger.log(self.level, remove_escape_codes(message))
  File "/usr/local/lib/python3.12/logging/__init__.py", line 1609, in log
    self._log(level, msg, args, **kwargs)
  File "/usr/local/lib/python3.12/logging/__init__.py", line 1684, in _log
    self.handle(record)
  File "/usr/local/lib/python3.12/logging/__init__.py", line 1700, in handle
    self.callHandlers(record)
  File "/usr/local/lib/python3.12/logging/__init__.py", line 1762, in callHandlers
    hdlr.handle(record)
  File "/usr/local/lib/python3.12/logging/__init__.py", line 1028, in handle
    self.emit(record)
  File "/home/airflow/.local/lib/python3.12/site-packages/airflow/utils/log/file_processor_handler.py", line 76, in emit
    self.handler.emit(record)
  File "/usr/local/lib/python3.12/logging/__init__.py", line 1280, in emit
    StreamHandler.emit(self, record)
  File "/usr/local/lib/python3.12/logging/__init__.py", line 1168, in emit
    self.handleError(record)
  File "/usr/local/lib/python3.12/logging/__init__.py", line 1081, in handleError
    sys.stderr.write('--- Logging error ---\n')
  File "/home/airflow/.local/lib/python3.12/site-packages/airflow/utils/log/logging_mixin.py", line 202, in write
    self.flush()
  File "/home/airflow/.local/lib/python3.12/site-packages/airflow/utils/log/logging_mixin.py", line 209, in flush
    self._propagate_log(buf)
  File "/home/airflow/.local/lib/python3.12/site-packages/airflow/utils/log/logging_mixin.py", line 190, in _propagate_log
    self.logger.log(self.level, remove_escape_codes(message))
  File "/usr/local/lib/python3.12/logging/__init__.py", line 1609, in log
    self._log(level, msg, args, **kwargs)
  File "/usr/local/lib/python3.12/logging/__init__.py", line 1684, in _log
    self.handle(record)
  File "/usr/local/lib/python3.12/logging/__init__.py", line 1700, in handle
    self.callHandlers(record)
  File "/usr/local/lib/python3.12/logging/__init__.py", line 1762, in callHandlers
    hdlr.handle(record)
  File "/usr/local/lib/python3.12/logging/__init__.py", line 1028, in handle
    self.emit(record)
  File "/home/airflow/.local/lib/python3.12/site-packages/airflow/utils/log/file_processor_handler.py", line 76, in emit
    self.handler.emit(record)
  File "/usr/local/lib/python3.12/logging/__init__.py", line 1280, in emit
    StreamHandler.emit(self, record)
  File "/usr/local/lib/python3.12/logging/__init__.py", line 1160, in emit
    msg = self.format(record)
          ^^^^^^^^^^^^^^^^^^^
  File "/usr/local/lib/python3.12/logging/__init__.py", line 999, in format
    return fmt.format(record)
           ^^^^^^^^^^^^^^^^^^
  File "/usr/local/lib/python3.12/logging/__init__.py", line 703, in format
    record.message = record.getMessage()
                     ^^^^^^^^^^^^^^^^^^^
RecursionError: maximum recursion depth exceeded
[2025-11-16T07:28:43.779+0000] {processor.py:186} INFO - Started process (PID=128) to work on /home/airflow/.local/lib/python3.12/site-packages/airflow/example_dags/tutorial_dag.py
[2025-11-16T07:28:43.782+0000] {processor.py:914} INFO - Processing file /home/airflow/.local/lib/python3.12/site-packages/airflow/example_dags/tutorial_dag.py for tasks to queue
[2025-11-16T07:28:43.799+0000] {logging_mixin.py:190} INFO - [2025-11-16T07:28:43.797+0000] {dagbag.py:588} INFO - Filling up the DagBag from /home/airflow/.local/lib/python3.12/site-packages/airflow/example_dags/tutorial_dag.py
[2025-11-16T07:28:43.837+0000] {processor.py:925} INFO - DAG(s) 'tutorial_dag' retrieved from /home/airflow/.local/lib/python3.12/site-packages/airflow/example_dags/tutorial_dag.py
[2025-11-16T07:28:43.944+0000] {logging_mixin.py:190} INFO - [2025-11-16T07:28:43.944+0000] {dag.py:3239} INFO - Sync 1 DAGs
[2025-11-16T07:28:43.990+0000] {logging_mixin.py:190} INFO - [2025-11-16T07:28:43.989+0000] {dag.py:4180} INFO - Setting next_dagrun for tutorial_dag to None, run_after=None
[2025-11-16T07:28:44.053+0000] {processor.py:208} INFO - Processing /home/airflow/.local/lib/python3.12/site-packages/airflow/example_dags/tutorial_dag.py took 0.306 seconds
[2025-11-16T10:05:55.740+0000] {processor.py:186} INFO - Started process (PID=202) to work on /home/airflow/.local/lib/python3.12/site-packages/airflow/example_dags/tutorial_dag.py
[2025-11-16T10:05:55.743+0000] {processor.py:914} INFO - Processing file /home/airflow/.local/lib/python3.12/site-packages/airflow/example_dags/tutorial_dag.py for tasks to queue
[2025-11-16T10:05:55.747+0000] {logging_mixin.py:190} INFO - [2025-11-16T10:05:55.746+0000] {dagbag.py:588} INFO - Filling up the DagBag from /home/airflow/.local/lib/python3.12/site-packages/airflow/example_dags/tutorial_dag.py
[2025-11-16T10:05:55.766+0000] {processor.py:925} INFO - DAG(s) 'tutorial_dag' retrieved from /home/airflow/.local/lib/python3.12/site-packages/airflow/example_dags/tutorial_dag.py
[2025-11-16T10:05:55.808+0000] {logging_mixin.py:190} INFO - [2025-11-16T10:05:55.808+0000] {dag.py:3239} INFO - Sync 1 DAGs
[2025-11-16T10:05:55.845+0000] {logging_mixin.py:190} INFO - [2025-11-16T10:05:55.845+0000] {dag.py:4180} INFO - Setting next_dagrun for tutorial_dag to None, run_after=None
[2025-11-16T10:05:55.901+0000] {processor.py:208} INFO - Processing /home/airflow/.local/lib/python3.12/site-packages/airflow/example_dags/tutorial_dag.py took 0.174 seconds
[2025-11-16T10:08:24.959+0000] {processor.py:186} INFO - Started process (PID=108) to work on /home/airflow/.local/lib/python3.12/site-packages/airflow/example_dags/tutorial_dag.py
[2025-11-16T10:08:24.969+0000] {processor.py:914} INFO - Processing file /home/airflow/.local/lib/python3.12/site-packages/airflow/example_dags/tutorial_dag.py for tasks to queue
[2025-11-16T10:08:25.006+0000] {logging_mixin.py:190} INFO - [2025-11-16T10:08:24.982+0000] {dagbag.py:588} INFO - Filling up the DagBag from /home/airflow/.local/lib/python3.12/site-packages/airflow/example_dags/tutorial_dag.py
[2025-11-16T10:08:25.075+0000] {processor.py:925} INFO - DAG(s) 'tutorial_dag' retrieved from /home/airflow/.local/lib/python3.12/site-packages/airflow/example_dags/tutorial_dag.py
[2025-11-16T10:08:25.190+0000] {logging_mixin.py:190} INFO - [2025-11-16T10:08:25.188+0000] {dag.py:3239} INFO - Sync 1 DAGs
[2025-11-16T10:08:25.293+0000] {logging_mixin.py:190} INFO - [2025-11-16T10:08:25.292+0000] {dag.py:4180} INFO - Setting next_dagrun for tutorial_dag to None, run_after=None
[2025-11-16T10:08:25.416+0000] {processor.py:208} INFO - Processing /home/airflow/.local/lib/python3.12/site-packages/airflow/example_dags/tutorial_dag.py took 0.508 seconds
[2025-11-16T10:09:08.057+0000] {processor.py:186} INFO - Started process (PID=183) to work on /home/airflow/.local/lib/python3.12/site-packages/airflow/example_dags/tutorial_dag.py
[2025-11-16T10:09:08.059+0000] {processor.py:914} INFO - Processing file /home/airflow/.local/lib/python3.12/site-packages/airflow/example_dags/tutorial_dag.py for tasks to queue
[2025-11-16T10:09:08.066+0000] {logging_mixin.py:190} INFO - [2025-11-16T10:09:08.065+0000] {dagbag.py:588} INFO - Filling up the DagBag from /home/airflow/.local/lib/python3.12/site-packages/airflow/example_dags/tutorial_dag.py
[2025-11-16T10:09:08.086+0000] {processor.py:925} INFO - DAG(s) 'tutorial_dag' retrieved from /home/airflow/.local/lib/python3.12/site-packages/airflow/example_dags/tutorial_dag.py
[2025-11-16T10:09:08.138+0000] {logging_mixin.py:190} INFO - [2025-11-16T10:09:08.137+0000] {dag.py:3239} INFO - Sync 1 DAGs
[2025-11-16T10:09:08.185+0000] {logging_mixin.py:190} INFO - [2025-11-16T10:09:08.184+0000] {dag.py:4180} INFO - Setting next_dagrun for tutorial_dag to None, run_after=None
[2025-11-16T10:09:08.237+0000] {processor.py:208} INFO - Processing /home/airflow/.local/lib/python3.12/site-packages/airflow/example_dags/tutorial_dag.py took 0.200 seconds
[2025-11-16T10:09:41.514+0000] {processor.py:186} INFO - Started process (PID=249) to work on /home/airflow/.local/lib/python3.12/site-packages/airflow/example_dags/tutorial_dag.py
[2025-11-16T10:09:41.516+0000] {processor.py:914} INFO - Processing file /home/airflow/.local/lib/python3.12/site-packages/airflow/example_dags/tutorial_dag.py for tasks to queue
[2025-11-16T10:09:41.528+0000] {logging_mixin.py:190} INFO - [2025-11-16T10:09:41.526+0000] {dagbag.py:588} INFO - Filling up the DagBag from /home/airflow/.local/lib/python3.12/site-packages/airflow/example_dags/tutorial_dag.py
[2025-11-16T10:09:41.556+0000] {processor.py:925} INFO - DAG(s) 'tutorial_dag' retrieved from /home/airflow/.local/lib/python3.12/site-packages/airflow/example_dags/tutorial_dag.py
[2025-11-16T10:09:41.647+0000] {logging_mixin.py:190} INFO - [2025-11-16T10:09:41.646+0000] {dag.py:3239} INFO - Sync 1 DAGs
[2025-11-16T10:09:41.696+0000] {logging_mixin.py:190} INFO - [2025-11-16T10:09:41.696+0000] {dag.py:4180} INFO - Setting next_dagrun for tutorial_dag to None, run_after=None
[2025-11-16T10:09:41.774+0000] {processor.py:208} INFO - Processing /home/airflow/.local/lib/python3.12/site-packages/airflow/example_dags/tutorial_dag.py took 0.279 seconds
[2025-11-16T10:10:14.154+0000] {processor.py:186} INFO - Started process (PID=314) to work on /home/airflow/.local/lib/python3.12/site-packages/airflow/example_dags/tutorial_dag.py
[2025-11-16T10:10:14.156+0000] {processor.py:914} INFO - Processing file /home/airflow/.local/lib/python3.12/site-packages/airflow/example_dags/tutorial_dag.py for tasks to queue
[2025-11-16T10:10:14.162+0000] {logging_mixin.py:190} INFO - [2025-11-16T10:10:14.161+0000] {dagbag.py:588} INFO - Filling up the DagBag from /home/airflow/.local/lib/python3.12/site-packages/airflow/example_dags/tutorial_dag.py
[2025-11-16T10:10:14.181+0000] {processor.py:925} INFO - DAG(s) 'tutorial_dag' retrieved from /home/airflow/.local/lib/python3.12/site-packages/airflow/example_dags/tutorial_dag.py
[2025-11-16T10:10:14.226+0000] {logging_mixin.py:190} INFO - [2025-11-16T10:10:14.226+0000] {dag.py:3239} INFO - Sync 1 DAGs
[2025-11-16T10:10:14.259+0000] {logging_mixin.py:190} INFO - [2025-11-16T10:10:14.258+0000] {dag.py:4180} INFO - Setting next_dagrun for tutorial_dag to None, run_after=None
[2025-11-16T10:10:14.302+0000] {processor.py:208} INFO - Processing /home/airflow/.local/lib/python3.12/site-packages/airflow/example_dags/tutorial_dag.py took 0.163 seconds
[2025-11-16T10:10:46.465+0000] {processor.py:186} INFO - Started process (PID=378) to work on /home/airflow/.local/lib/python3.12/site-packages/airflow/example_dags/tutorial_dag.py
[2025-11-16T10:10:46.502+0000] {processor.py:914} INFO - Processing file /home/airflow/.local/lib/python3.12/site-packages/airflow/example_dags/tutorial_dag.py for tasks to queue
[2025-11-16T10:10:46.524+0000] {logging_mixin.py:190} INFO - [2025-11-16T10:10:46.523+0000] {dagbag.py:588} INFO - Filling up the DagBag from /home/airflow/.local/lib/python3.12/site-packages/airflow/example_dags/tutorial_dag.py
[2025-11-16T10:10:46.592+0000] {processor.py:925} INFO - DAG(s) 'tutorial_dag' retrieved from /home/airflow/.local/lib/python3.12/site-packages/airflow/example_dags/tutorial_dag.py
[2025-11-16T10:10:46.698+0000] {logging_mixin.py:190} INFO - [2025-11-16T10:10:46.698+0000] {dag.py:3239} INFO - Sync 1 DAGs
[2025-11-16T10:10:46.775+0000] {logging_mixin.py:190} INFO - [2025-11-16T10:10:46.775+0000] {dag.py:4180} INFO - Setting next_dagrun for tutorial_dag to None, run_after=None
[2025-11-16T10:10:46.842+0000] {processor.py:208} INFO - Processing /home/airflow/.local/lib/python3.12/site-packages/airflow/example_dags/tutorial_dag.py took 0.410 seconds
